{"/home/amandax/Documents/projetos-full-stack/drivent/src/app.ts": {"path":"/home/amandax/Documents/projetos-full-stack/drivent/src/app.ts","statementMap":{"0":{"start":{"line":1,"column":0},"end":{"line":1,"column":26}},"1":{"start":{"line":2,"column":0},"end":{"line":2,"column":30}},"2":{"start":{"line":3,"column":0},"end":{"line":3,"column":43}},"3":{"start":{"line":4,"column":0},"end":{"line":4,"column":24}},"4":{"start":{"line":6,"column":0},"end":{"line":6,"column":60}},"5":{"start":{"line":8,"column":0},"end":{"line":8,"column":10}},"6":{"start":{"line":10,"column":0},"end":{"line":10,"column":56}},"7":{"start":{"line":11,"column":0},"end":{"line":11,"column":null}},"8":{"start":{"line":22,"column":12},"end":{"line":22,"column":21}},"9":{"start":{"line":23,"column":0},"end":{"line":35,"column":32}},"10":{"start":{"line":26,"column":33},"end":{"line":26,"column":48}},"11":{"start":{"line":38,"column":2},"end":{"line":38,"column":14}},"12":{"start":{"line":39,"column":2},"end":{"line":39,"column":30}},"13":{"start":{"line":37,"column":0},"end":{"line":37,"column":16}},"14":{"start":{"line":43,"column":2},"end":{"line":43,"column":23}},"15":{"start":{"line":42,"column":0},"end":{"line":42,"column":7}},"16":{"start":{"line":46,"column":0},"end":{"line":46,"column":19}}},"fnMap":{"0":{"name":"(anonymous_1)","decl":{"start":{"line":26,"column":18},"end":{"line":26,"column":19}},"loc":{"start":{"line":26,"column":33},"end":{"line":26,"column":48}}},"1":{"name":"init","decl":{"start":{"line":37,"column":16},"end":{"line":37,"column":20}},"loc":{"start":{"line":37,"column":20},"end":{"line":40,"column":1}}},"2":{"name":"close","decl":{"start":{"line":42,"column":22},"end":{"line":42,"column":27}},"loc":{"start":{"line":42,"column":27},"end":{"line":44,"column":1}}}},"branchMap":{},"s":{"0":1,"1":1,"2":1,"3":1,"4":1,"5":1,"6":1,"7":1,"8":1,"9":1,"10":0,"11":1,"12":1,"13":1,"14":0,"15":1,"16":1},"f":{"0":0,"1":1,"2":0},"b":{}}
,"/home/amandax/Documents/projetos-full-stack/drivent/src/server.ts": {"path":"/home/amandax/Documents/projetos-full-stack/drivent/src/server.ts","statementMap":{"0":{"start":{"line":1,"column":0},"end":{"line":1,"column":34}},"1":{"start":{"line":3,"column":13},"end":{"line":3,"column":38}},"2":{"start":{"line":5,"column":0},"end":{"line":10,"column":3}},"3":{"start":{"line":6,"column":2},"end":{"line":9,"column":5}},"4":{"start":{"line":8,"column":4},"end":{"line":8,"column":56}}},"fnMap":{"0":{"name":"(anonymous_6)","decl":{"start":{"line":5,"column":12},"end":{"line":5,"column":15}},"loc":{"start":{"line":5,"column":17},"end":{"line":10,"column":1}}},"1":{"name":"(anonymous_7)","decl":{"start":{"line":6,"column":19},"end":{"line":6,"column":22}},"loc":{"start":{"line":6,"column":24},"end":{"line":9,"column":3}}}},"branchMap":{"0":{"loc":{"start":{"line":3,"column":13},"end":{"line":3,"column":38}},"type":"binary-expr","locations":[{"start":{"line":3,"column":13},"end":{"line":3,"column":30}},{"start":{"line":3,"column":34},"end":{"line":3,"column":38}}]}},"s":{"0":0,"1":0,"2":0,"3":0,"4":0},"f":{"0":0,"1":0},"b":{"0":[0,0]}}
,"/home/amandax/Documents/projetos-full-stack/drivent/src/config/database.ts": {"path":"/home/amandax/Documents/projetos-full-stack/drivent/src/config/database.ts","statementMap":{"0":{"start":{"line":1,"column":0},"end":{"line":1,"column":46}},"1":{"start":{"line":5,"column":2},"end":{"line":5,"column":30}},"2":{"start":{"line":4,"column":0},"end":{"line":4,"column":16}},"3":{"start":{"line":9,"column":2},"end":{"line":9,"column":30}},"4":{"start":{"line":8,"column":0},"end":{"line":8,"column":7}}},"fnMap":{"0":{"name":"connectDb","decl":{"start":{"line":4,"column":16},"end":{"line":4,"column":25}},"loc":{"start":{"line":4,"column":25},"end":{"line":6,"column":1}}},"1":{"name":"disconnectDB","decl":{"start":{"line":8,"column":22},"end":{"line":8,"column":34}},"loc":{"start":{"line":8,"column":34},"end":{"line":10,"column":1}}}},"branchMap":{},"s":{"0":2,"1":1,"2":2,"3":0,"4":2},"f":{"0":1,"1":0},"b":{}}
,"/home/amandax/Documents/projetos-full-stack/drivent/src/config/envs.ts": {"path":"/home/amandax/Documents/projetos-full-stack/drivent/src/config/envs.ts","statementMap":{"0":{"start":{"line":1,"column":0},"end":{"line":1,"column":28}},"1":{"start":{"line":2,"column":0},"end":{"line":2,"column":41}},"2":{"start":{"line":6,"column":4},"end":{"line":10,"column":14}},"3":{"start":{"line":12,"column":22},"end":{"line":12,"column":45}},"4":{"start":{"line":13,"column":2},"end":{"line":13,"column":35}},"5":{"start":{"line":4,"column":0},"end":{"line":4,"column":16}}},"fnMap":{"0":{"name":"loadEnv","decl":{"start":{"line":4,"column":16},"end":{"line":4,"column":23}},"loc":{"start":{"line":4,"column":23},"end":{"line":14,"column":1}}}},"branchMap":{"0":{"loc":{"start":{"line":6,"column":4},"end":{"line":10,"column":14}},"type":"cond-expr","locations":[{"start":{"line":7,"column":8},"end":{"line":7,"column":19}},{"start":{"line":8,"column":8},"end":{"line":10,"column":14}}]},"1":{"loc":{"start":{"line":8,"column":8},"end":{"line":10,"column":14}},"type":"cond-expr","locations":[{"start":{"line":9,"column":8},"end":{"line":9,"column":26}},{"start":{"line":10,"column":8},"end":{"line":10,"column":14}}]}},"s":{"0":2,"1":2,"2":3,"3":3,"4":3,"5":2},"f":{"0":3},"b":{"0":[3,0],"1":[0,0]}}
,"/home/amandax/Documents/projetos-full-stack/drivent/src/config/index.ts": {"path":"/home/amandax/Documents/projetos-full-stack/drivent/src/config/index.ts","statementMap":{"0":{"start":{"line":1,"column":0},"end":{"line":1,"column":23}},"1":{"start":{"line":2,"column":0},"end":{"line":2,"column":27}}},"fnMap":{},"branchMap":{},"s":{"0":2,"1":2},"f":{},"b":{}}
,"/home/amandax/Documents/projetos-full-stack/drivent/src/controllers/authentication-controller.ts": {"path":"/home/amandax/Documents/projetos-full-stack/drivent/src/controllers/authentication-controller.ts","statementMap":{"0":{"start":{"line":2,"column":0},"end":{"line":2,"column":37}},"1":{"start":{"line":3,"column":0},"end":{"line":3,"column":88}},"2":{"start":{"line":6,"column":30},"end":{"line":6,"column":54}},"3":{"start":{"line":8,"column":2},"end":{"line":14,"column":null}},"4":{"start":{"line":9,"column":19},"end":{"line":9,"column":74}},"5":{"start":{"line":11,"column":4},"end":{"line":11,"column":50}},"6":{"start":{"line":13,"column":4},"end":{"line":13,"column":56}},"7":{"start":{"line":5,"column":0},"end":{"line":5,"column":7}}},"fnMap":{"0":{"name":"singInPost","decl":{"start":{"line":5,"column":22},"end":{"line":5,"column":32}},"loc":{"start":{"line":5,"column":60},"end":{"line":15,"column":1}}}},"branchMap":{},"s":{"0":1,"1":1,"2":0,"3":0,"4":0,"5":0,"6":0,"7":1},"f":{"0":0},"b":{}}
,"/home/amandax/Documents/projetos-full-stack/drivent/src/controllers/booking-controller.ts": {"path":"/home/amandax/Documents/projetos-full-stack/drivent/src/controllers/booking-controller.ts","statementMap":{"0":{"start":{"line":1,"column":0},"end":{"line":1,"column":37}},"1":{"start":{"line":2,"column":0},"end":{"line":2,"column":62}},"2":{"start":{"line":7,"column":35},"end":{"line":7,"column":63}},"3":{"start":{"line":8,"column":19},"end":{"line":8,"column":39}},"4":{"start":{"line":9,"column":21},"end":{"line":9,"column":24}},"5":{"start":{"line":11,"column":4},"end":{"line":11,"column":69}},"6":{"start":{"line":11,"column":23},"end":{"line":11,"column":69}},"7":{"start":{"line":12,"column":4},"end":{"line":12,"column":69}},"8":{"start":{"line":12,"column":23},"end":{"line":12,"column":69}},"9":{"start":{"line":14,"column":20},"end":{"line":14,"column":71}},"10":{"start":{"line":15,"column":4},"end":{"line":15,"column":67}},"11":{"start":{"line":6,"column":0},"end":{"line":6,"column":7}},"12":{"start":{"line":19,"column":22},"end":{"line":19,"column":50}},"13":{"start":{"line":20,"column":35},"end":{"line":20,"column":63}},"14":{"start":{"line":21,"column":19},"end":{"line":21,"column":39}},"15":{"start":{"line":22,"column":21},"end":{"line":22,"column":24}},"16":{"start":{"line":24,"column":4},"end":{"line":24,"column":69}},"17":{"start":{"line":24,"column":23},"end":{"line":24,"column":69}},"18":{"start":{"line":25,"column":4},"end":{"line":25,"column":69}},"19":{"start":{"line":25,"column":23},"end":{"line":25,"column":69}},"20":{"start":{"line":28,"column":20},"end":{"line":28,"column":82}},"21":{"start":{"line":29,"column":4},"end":{"line":29,"column":67}},"22":{"start":{"line":18,"column":0},"end":{"line":18,"column":7}},"23":{"start":{"line":33,"column":21},"end":{"line":33,"column":24}},"24":{"start":{"line":36,"column":20},"end":{"line":36,"column":60}},"25":{"start":{"line":37,"column":4},"end":{"line":37,"column":51}},"26":{"start":{"line":32,"column":0},"end":{"line":32,"column":7}}},"fnMap":{"0":{"name":"createBooking","decl":{"start":{"line":6,"column":22},"end":{"line":6,"column":35}},"loc":{"start":{"line":6,"column":76},"end":{"line":16,"column":1}}},"1":{"name":"updateBooking","decl":{"start":{"line":18,"column":22},"end":{"line":18,"column":35}},"loc":{"start":{"line":18,"column":77},"end":{"line":30,"column":1}}},"2":{"name":"getBooking","decl":{"start":{"line":32,"column":22},"end":{"line":32,"column":32}},"loc":{"start":{"line":32,"column":74},"end":{"line":38,"column":1}}}},"branchMap":{"0":{"loc":{"start":{"line":11,"column":4},"end":{"line":11,"column":69}},"type":"if","locations":[{"start":{"line":11,"column":4},"end":{"line":11,"column":69}}]},"1":{"loc":{"start":{"line":12,"column":4},"end":{"line":12,"column":69}},"type":"if","locations":[{"start":{"line":12,"column":4},"end":{"line":12,"column":69}}]},"2":{"loc":{"start":{"line":24,"column":4},"end":{"line":24,"column":69}},"type":"if","locations":[{"start":{"line":24,"column":4},"end":{"line":24,"column":69}}]},"3":{"loc":{"start":{"line":25,"column":4},"end":{"line":25,"column":69}},"type":"if","locations":[{"start":{"line":25,"column":4},"end":{"line":25,"column":69}}]}},"s":{"0":1,"1":1,"2":1,"3":1,"4":1,"5":1,"6":0,"7":1,"8":0,"9":1,"10":1,"11":1,"12":1,"13":1,"14":1,"15":1,"16":1,"17":0,"18":1,"19":0,"20":1,"21":1,"22":1,"23":1,"24":1,"25":1,"26":1},"f":{"0":1,"1":1,"2":1},"b":{"0":[0],"1":[0],"2":[0],"3":[0]}}
,"/home/amandax/Documents/projetos-full-stack/drivent/src/controllers/enrollments-controller.ts": {"path":"/home/amandax/Documents/projetos-full-stack/drivent/src/controllers/enrollments-controller.ts","statementMap":{"0":{"start":{"line":2,"column":0},"end":{"line":2,"column":37}},"1":{"start":{"line":4,"column":0},"end":{"line":4,"column":64}},"2":{"start":{"line":7,"column":21},"end":{"line":7,"column":24}},"3":{"start":{"line":9,"column":2},"end":{"line":15,"column":null}},"4":{"start":{"line":10,"column":34},"end":{"line":10,"column":92}},"5":{"start":{"line":12,"column":4},"end":{"line":12,"column":65}},"6":{"start":{"line":14,"column":4},"end":{"line":14,"column":49}},"7":{"start":{"line":6,"column":0},"end":{"line":6,"column":7}},"8":{"start":{"line":19,"column":2},"end":{"line":28,"column":null}},"9":{"start":{"line":20,"column":4},"end":{"line":23,"column":7}},"10":{"start":{"line":25,"column":4},"end":{"line":25,"column":41}},"11":{"start":{"line":27,"column":4},"end":{"line":27,"column":50}},"12":{"start":{"line":18,"column":0},"end":{"line":18,"column":7}},"13":{"start":{"line":32,"column":18},"end":{"line":32,"column":53}},"14":{"start":{"line":34,"column":2},"end":{"line":41,"column":null}},"15":{"start":{"line":35,"column":20},"end":{"line":35,"column":67}},"16":{"start":{"line":36,"column":4},"end":{"line":36,"column":44}},"17":{"start":{"line":38,"column":4},"end":{"line":40,"column":null}},"18":{"start":{"line":39,"column":6},"end":{"line":39,"column":51}},"19":{"start":{"line":31,"column":0},"end":{"line":31,"column":7}}},"fnMap":{"0":{"name":"getEnrollmentByUser","decl":{"start":{"line":6,"column":22},"end":{"line":6,"column":41}},"loc":{"start":{"line":6,"column":82},"end":{"line":16,"column":1}}},"1":{"name":"postCreateOrUpdateEnrollment","decl":{"start":{"line":18,"column":22},"end":{"line":18,"column":50}},"loc":{"start":{"line":18,"column":91},"end":{"line":29,"column":1}}},"2":{"name":"getAddressFromCEP","decl":{"start":{"line":31,"column":22},"end":{"line":31,"column":39}},"loc":{"start":{"line":31,"column":80},"end":{"line":42,"column":1}}}},"branchMap":{"0":{"loc":{"start":{"line":38,"column":4},"end":{"line":40,"column":null}},"type":"if","locations":[{"start":{"line":38,"column":4},"end":{"line":40,"column":null}}]}},"s":{"0":1,"1":1,"2":0,"3":0,"4":0,"5":0,"6":0,"7":1,"8":0,"9":0,"10":0,"11":0,"12":1,"13":0,"14":0,"15":0,"16":0,"17":0,"18":0,"19":1},"f":{"0":0,"1":0,"2":0},"b":{"0":[0]}}
,"/home/amandax/Documents/projetos-full-stack/drivent/src/controllers/events-controller.ts": {"path":"/home/amandax/Documents/projetos-full-stack/drivent/src/controllers/events-controller.ts","statementMap":{"0":{"start":{"line":2,"column":0},"end":{"line":2,"column":37}},"1":{"start":{"line":3,"column":0},"end":{"line":3,"column":54}},"2":{"start":{"line":6,"column":2},"end":{"line":11,"column":null}},"3":{"start":{"line":7,"column":18},"end":{"line":7,"column":53}},"4":{"start":{"line":8,"column":4},"end":{"line":8,"column":49}},"5":{"start":{"line":10,"column":4},"end":{"line":10,"column":53}},"6":{"start":{"line":5,"column":0},"end":{"line":5,"column":7}}},"fnMap":{"0":{"name":"getDefaultEvent","decl":{"start":{"line":5,"column":22},"end":{"line":5,"column":37}},"loc":{"start":{"line":5,"column":66},"end":{"line":12,"column":1}}}},"branchMap":{},"s":{"0":1,"1":1,"2":0,"3":0,"4":0,"5":0,"6":1},"f":{"0":0},"b":{}}
,"/home/amandax/Documents/projetos-full-stack/drivent/src/controllers/hotels-controller.ts": {"path":"/home/amandax/Documents/projetos-full-stack/drivent/src/controllers/hotels-controller.ts","statementMap":{"0":{"start":{"line":3,"column":0},"end":{"line":3,"column":37}},"1":{"start":{"line":4,"column":0},"end":{"line":4,"column":59}},"2":{"start":{"line":7,"column":21},"end":{"line":7,"column":24}},"3":{"start":{"line":9,"column":4},"end":{"line":22,"column":null}},"4":{"start":{"line":10,"column":23},"end":{"line":10,"column":60}},"5":{"start":{"line":11,"column":8},"end":{"line":11,"column":54}},"6":{"start":{"line":14,"column":8},"end":{"line":16,"column":null}},"7":{"start":{"line":15,"column":12},"end":{"line":15,"column":72}},"8":{"start":{"line":17,"column":8},"end":{"line":19,"column":null}},"9":{"start":{"line":18,"column":12},"end":{"line":18,"column":63}},"10":{"start":{"line":20,"column":8},"end":{"line":20,"column":27}},"11":{"start":{"line":21,"column":8},"end":{"line":21,"column":64}},"12":{"start":{"line":6,"column":0},"end":{"line":6,"column":7}},"13":{"start":{"line":26,"column":22},"end":{"line":26,"column":32}},"14":{"start":{"line":27,"column":21},"end":{"line":27,"column":24}},"15":{"start":{"line":29,"column":4},"end":{"line":29,"column":64}},"16":{"start":{"line":29,"column":18},"end":{"line":29,"column":64}},"17":{"start":{"line":30,"column":26},"end":{"line":30,"column":41}},"18":{"start":{"line":31,"column":4},"end":{"line":31,"column":76}},"19":{"start":{"line":31,"column":30},"end":{"line":31,"column":76}},"20":{"start":{"line":33,"column":4},"end":{"line":46,"column":null}},"21":{"start":{"line":34,"column":22},"end":{"line":34,"column":77}},"22":{"start":{"line":35,"column":8},"end":{"line":35,"column":53}},"23":{"start":{"line":38,"column":8},"end":{"line":40,"column":null}},"24":{"start":{"line":39,"column":12},"end":{"line":39,"column":72}},"25":{"start":{"line":41,"column":8},"end":{"line":43,"column":null}},"26":{"start":{"line":42,"column":12},"end":{"line":42,"column":63}},"27":{"start":{"line":44,"column":8},"end":{"line":44,"column":27}},"28":{"start":{"line":45,"column":8},"end":{"line":45,"column":64}},"29":{"start":{"line":25,"column":0},"end":{"line":25,"column":7}}},"fnMap":{"0":{"name":"getHotels","decl":{"start":{"line":6,"column":22},"end":{"line":6,"column":31}},"loc":{"start":{"line":6,"column":73},"end":{"line":23,"column":1}}},"1":{"name":"getHotelById","decl":{"start":{"line":25,"column":22},"end":{"line":25,"column":34}},"loc":{"start":{"line":25,"column":76},"end":{"line":47,"column":1}}}},"branchMap":{"0":{"loc":{"start":{"line":14,"column":8},"end":{"line":16,"column":null}},"type":"if","locations":[{"start":{"line":14,"column":8},"end":{"line":16,"column":null}}]},"1":{"loc":{"start":{"line":17,"column":8},"end":{"line":19,"column":null}},"type":"if","locations":[{"start":{"line":17,"column":8},"end":{"line":19,"column":null}}]},"2":{"loc":{"start":{"line":29,"column":4},"end":{"line":29,"column":64}},"type":"if","locations":[{"start":{"line":29,"column":4},"end":{"line":29,"column":64}}]},"3":{"loc":{"start":{"line":31,"column":4},"end":{"line":31,"column":76}},"type":"if","locations":[{"start":{"line":31,"column":4},"end":{"line":31,"column":76}}]},"4":{"loc":{"start":{"line":38,"column":8},"end":{"line":40,"column":null}},"type":"if","locations":[{"start":{"line":38,"column":8},"end":{"line":40,"column":null}}]},"5":{"loc":{"start":{"line":41,"column":8},"end":{"line":43,"column":null}},"type":"if","locations":[{"start":{"line":41,"column":8},"end":{"line":43,"column":null}}]}},"s":{"0":1,"1":1,"2":0,"3":0,"4":0,"5":0,"6":0,"7":0,"8":0,"9":0,"10":0,"11":0,"12":1,"13":0,"14":0,"15":0,"16":0,"17":0,"18":0,"19":0,"20":0,"21":0,"22":0,"23":0,"24":0,"25":0,"26":0,"27":0,"28":0,"29":1},"f":{"0":0,"1":0},"b":{"0":[0],"1":[0],"2":[0],"3":[0],"4":[0],"5":[0]}}
,"/home/amandax/Documents/projetos-full-stack/drivent/src/controllers/index.ts": {"path":"/home/amandax/Documents/projetos-full-stack/drivent/src/controllers/index.ts","statementMap":{"0":{"start":{"line":1,"column":0},"end":{"line":1,"column":35}},"1":{"start":{"line":2,"column":0},"end":{"line":2,"column":44}},"2":{"start":{"line":3,"column":0},"end":{"line":3,"column":36}},"3":{"start":{"line":4,"column":0},"end":{"line":4,"column":41}},"4":{"start":{"line":5,"column":0},"end":{"line":5,"column":37}},"5":{"start":{"line":6,"column":0},"end":{"line":6,"column":38}},"6":{"start":{"line":7,"column":0},"end":{"line":7,"column":36}}},"fnMap":{},"branchMap":{},"s":{"0":1,"1":1,"2":1,"3":1,"4":1,"5":1,"6":1},"f":{},"b":{}}
,"/home/amandax/Documents/projetos-full-stack/drivent/src/controllers/payments-controller.ts": {"path":"/home/amandax/Documents/projetos-full-stack/drivent/src/controllers/payments-controller.ts","statementMap":{"0":{"start":{"line":3,"column":0},"end":{"line":3,"column":37}},"1":{"start":{"line":4,"column":0},"end":{"line":4,"column":63}},"2":{"start":{"line":8,"column":21},"end":{"line":8,"column":24}},"3":{"start":{"line":9,"column":23},"end":{"line":9,"column":54}},"4":{"start":{"line":11,"column":4},"end":{"line":30,"column":null}},"5":{"start":{"line":12,"column":8},"end":{"line":14,"column":null}},"6":{"start":{"line":13,"column":12},"end":{"line":13,"column":58}},"7":{"start":{"line":15,"column":23},"end":{"line":15,"column":93}},"8":{"start":{"line":16,"column":8},"end":{"line":16,"column":54}},"9":{"start":{"line":19,"column":8},"end":{"line":21,"column":null}},"10":{"start":{"line":20,"column":12},"end":{"line":20,"column":74}},"11":{"start":{"line":22,"column":8},"end":{"line":24,"column":null}},"12":{"start":{"line":23,"column":12},"end":{"line":23,"column":72}},"13":{"start":{"line":25,"column":8},"end":{"line":27,"column":null}},"14":{"start":{"line":26,"column":12},"end":{"line":26,"column":59}},"15":{"start":{"line":28,"column":8},"end":{"line":28,"column":27}},"16":{"start":{"line":29,"column":8},"end":{"line":29,"column":64}},"17":{"start":{"line":7,"column":0},"end":{"line":7,"column":7}},"18":{"start":{"line":34,"column":17},"end":{"line":34,"column":47}},"19":{"start":{"line":35,"column":21},"end":{"line":35,"column":24}},"20":{"start":{"line":37,"column":4},"end":{"line":53,"column":null}},"21":{"start":{"line":38,"column":8},"end":{"line":40,"column":null}},"22":{"start":{"line":39,"column":12},"end":{"line":39,"column":58}},"23":{"start":{"line":41,"column":23},"end":{"line":41,"column":78}},"24":{"start":{"line":42,"column":8},"end":{"line":42,"column":54}},"25":{"start":{"line":45,"column":8},"end":{"line":47,"column":null}},"26":{"start":{"line":46,"column":12},"end":{"line":46,"column":72}},"27":{"start":{"line":48,"column":8},"end":{"line":50,"column":null}},"28":{"start":{"line":49,"column":12},"end":{"line":49,"column":59}},"29":{"start":{"line":51,"column":8},"end":{"line":51,"column":27}},"30":{"start":{"line":52,"column":8},"end":{"line":52,"column":64}},"31":{"start":{"line":33,"column":0},"end":{"line":33,"column":7}}},"fnMap":{"0":{"name":"getUserTicketPayment","decl":{"start":{"line":7,"column":22},"end":{"line":7,"column":42}},"loc":{"start":{"line":7,"column":83},"end":{"line":31,"column":1}}},"1":{"name":"createTicketPayment","decl":{"start":{"line":33,"column":22},"end":{"line":33,"column":41}},"loc":{"start":{"line":33,"column":83},"end":{"line":54,"column":1}}}},"branchMap":{"0":{"loc":{"start":{"line":12,"column":8},"end":{"line":14,"column":null}},"type":"if","locations":[{"start":{"line":12,"column":8},"end":{"line":14,"column":null}}]},"1":{"loc":{"start":{"line":19,"column":8},"end":{"line":21,"column":null}},"type":"if","locations":[{"start":{"line":19,"column":8},"end":{"line":21,"column":null}}]},"2":{"loc":{"start":{"line":22,"column":8},"end":{"line":24,"column":null}},"type":"if","locations":[{"start":{"line":22,"column":8},"end":{"line":24,"column":null}}]},"3":{"loc":{"start":{"line":25,"column":8},"end":{"line":27,"column":null}},"type":"if","locations":[{"start":{"line":25,"column":8},"end":{"line":27,"column":null}}]},"4":{"loc":{"start":{"line":38,"column":8},"end":{"line":40,"column":null}},"type":"if","locations":[{"start":{"line":38,"column":8},"end":{"line":40,"column":null}}]},"5":{"loc":{"start":{"line":38,"column":12},"end":{"line":38,"column":44}},"type":"binary-expr","locations":[{"start":{"line":38,"column":12},"end":{"line":38,"column":26}},{"start":{"line":38,"column":30},"end":{"line":38,"column":44}}]},"6":{"loc":{"start":{"line":45,"column":8},"end":{"line":47,"column":null}},"type":"if","locations":[{"start":{"line":45,"column":8},"end":{"line":47,"column":null}}]},"7":{"loc":{"start":{"line":48,"column":8},"end":{"line":50,"column":null}},"type":"if","locations":[{"start":{"line":48,"column":8},"end":{"line":50,"column":null}}]}},"s":{"0":1,"1":1,"2":0,"3":0,"4":0,"5":0,"6":0,"7":0,"8":0,"9":0,"10":0,"11":0,"12":0,"13":0,"14":0,"15":0,"16":0,"17":1,"18":0,"19":0,"20":0,"21":0,"22":0,"23":0,"24":0,"25":0,"26":0,"27":0,"28":0,"29":0,"30":0,"31":1},"f":{"0":0,"1":0},"b":{"0":[0],"1":[0],"2":[0],"3":[0],"4":[0],"5":[0,0],"6":[0],"7":[0]}}
,"/home/amandax/Documents/projetos-full-stack/drivent/src/controllers/tickets-controller.ts": {"path":"/home/amandax/Documents/projetos-full-stack/drivent/src/controllers/tickets-controller.ts","statementMap":{"0":{"start":{"line":1,"column":0},"end":{"line":1,"column":37}},"1":{"start":{"line":2,"column":0},"end":{"line":2,"column":61}},"2":{"start":{"line":7,"column":4},"end":{"line":13,"column":null}},"3":{"start":{"line":8,"column":24},"end":{"line":8,"column":67}},"4":{"start":{"line":9,"column":8},"end":{"line":9,"column":55}},"5":{"start":{"line":11,"column":8},"end":{"line":11,"column":27}},"6":{"start":{"line":12,"column":8},"end":{"line":12,"column":64}},"7":{"start":{"line":6,"column":0},"end":{"line":6,"column":7}},"8":{"start":{"line":17,"column":21},"end":{"line":17,"column":24}},"9":{"start":{"line":19,"column":4},"end":{"line":33,"column":null}},"10":{"start":{"line":20,"column":23},"end":{"line":20,"column":66}},"11":{"start":{"line":21,"column":8},"end":{"line":23,"column":null}},"12":{"start":{"line":22,"column":12},"end":{"line":22,"column":56}},"13":{"start":{"line":25,"column":8},"end":{"line":25,"column":54}},"14":{"start":{"line":28,"column":8},"end":{"line":30,"column":null}},"15":{"start":{"line":29,"column":12},"end":{"line":29,"column":72}},"16":{"start":{"line":31,"column":8},"end":{"line":31,"column":27}},"17":{"start":{"line":32,"column":8},"end":{"line":32,"column":64}},"18":{"start":{"line":16,"column":0},"end":{"line":16,"column":7}},"19":{"start":{"line":37,"column":27},"end":{"line":37,"column":61}},"20":{"start":{"line":38,"column":21},"end":{"line":38,"column":24}},"21":{"start":{"line":40,"column":4},"end":{"line":53,"column":null}},"22":{"start":{"line":41,"column":8},"end":{"line":41,"column":64}},"23":{"start":{"line":42,"column":23},"end":{"line":42,"column":66}},"24":{"start":{"line":43,"column":8},"end":{"line":43,"column":59}},"25":{"start":{"line":45,"column":8},"end":{"line":47,"column":null}},"26":{"start":{"line":46,"column":12},"end":{"line":46,"column":74}},"27":{"start":{"line":48,"column":8},"end":{"line":50,"column":null}},"28":{"start":{"line":49,"column":12},"end":{"line":49,"column":72}},"29":{"start":{"line":51,"column":8},"end":{"line":51,"column":27}},"30":{"start":{"line":52,"column":8},"end":{"line":52,"column":64}},"31":{"start":{"line":36,"column":0},"end":{"line":36,"column":7}}},"fnMap":{"0":{"name":"getAllTypesOfTickets","decl":{"start":{"line":6,"column":22},"end":{"line":6,"column":42}},"loc":{"start":{"line":6,"column":83},"end":{"line":14,"column":1}}},"1":{"name":"getUserTickets","decl":{"start":{"line":16,"column":22},"end":{"line":16,"column":36}},"loc":{"start":{"line":16,"column":78},"end":{"line":34,"column":1}}},"2":{"name":"createTicket","decl":{"start":{"line":36,"column":22},"end":{"line":36,"column":34}},"loc":{"start":{"line":36,"column":76},"end":{"line":54,"column":1}}}},"branchMap":{"0":{"loc":{"start":{"line":21,"column":8},"end":{"line":23,"column":null}},"type":"if","locations":[{"start":{"line":21,"column":8},"end":{"line":23,"column":null}}]},"1":{"loc":{"start":{"line":28,"column":8},"end":{"line":30,"column":null}},"type":"if","locations":[{"start":{"line":28,"column":8},"end":{"line":30,"column":null}}]},"2":{"loc":{"start":{"line":45,"column":8},"end":{"line":47,"column":null}},"type":"if","locations":[{"start":{"line":45,"column":8},"end":{"line":47,"column":null}}]},"3":{"loc":{"start":{"line":48,"column":8},"end":{"line":50,"column":null}},"type":"if","locations":[{"start":{"line":48,"column":8},"end":{"line":50,"column":null}}]}},"s":{"0":1,"1":1,"2":0,"3":0,"4":0,"5":0,"6":0,"7":1,"8":0,"9":0,"10":0,"11":0,"12":0,"13":0,"14":0,"15":0,"16":0,"17":0,"18":1,"19":0,"20":0,"21":0,"22":0,"23":0,"24":0,"25":0,"26":0,"27":0,"28":0,"29":0,"30":0,"31":1},"f":{"0":0,"1":0,"2":0},"b":{"0":[0],"1":[0],"2":[0],"3":[0]}}
,"/home/amandax/Documents/projetos-full-stack/drivent/src/controllers/users-controller.ts": {"path":"/home/amandax/Documents/projetos-full-stack/drivent/src/controllers/users-controller.ts","statementMap":{"0":{"start":{"line":2,"column":0},"end":{"line":2,"column":37}},"1":{"start":{"line":3,"column":0},"end":{"line":3,"column":51}},"2":{"start":{"line":6,"column":30},"end":{"line":6,"column":38}},"3":{"start":{"line":8,"column":2},"end":{"line":19,"column":null}},"4":{"start":{"line":9,"column":17},"end":{"line":9,"column":66}},"5":{"start":{"line":10,"column":4},"end":{"line":13,"column":7}},"6":{"start":{"line":15,"column":4},"end":{"line":17,"column":null}},"7":{"start":{"line":16,"column":6},"end":{"line":16,"column":57}},"8":{"start":{"line":18,"column":4},"end":{"line":18,"column":58}},"9":{"start":{"line":5,"column":0},"end":{"line":5,"column":7}}},"fnMap":{"0":{"name":"usersPost","decl":{"start":{"line":5,"column":22},"end":{"line":5,"column":31}},"loc":{"start":{"line":5,"column":59},"end":{"line":20,"column":1}}}},"branchMap":{"0":{"loc":{"start":{"line":15,"column":4},"end":{"line":17,"column":null}},"type":"if","locations":[{"start":{"line":15,"column":4},"end":{"line":17,"column":null}}]}},"s":{"0":1,"1":1,"2":0,"3":0,"4":0,"5":0,"6":0,"7":0,"8":0,"9":1},"f":{"0":0},"b":{"0":[0]}}
,"/home/amandax/Documents/projetos-full-stack/drivent/src/errors/bad-request-error.ts": {"path":"/home/amandax/Documents/projetos-full-stack/drivent/src/errors/bad-request-error.ts","statementMap":{"0":{"start":{"line":4,"column":2},"end":{"line":7,"column":4}},"1":{"start":{"line":3,"column":0},"end":{"line":3,"column":16}}},"fnMap":{"0":{"name":"badRequestError","decl":{"start":{"line":3,"column":16},"end":{"line":3,"column":31}},"loc":{"start":{"line":3,"column":31},"end":{"line":8,"column":1}}}},"branchMap":{},"s":{"0":0,"1":2},"f":{"0":0},"b":{}}
,"/home/amandax/Documents/projetos-full-stack/drivent/src/errors/cannot-enroll-before-start-date-error.ts": {"path":"/home/amandax/Documents/projetos-full-stack/drivent/src/errors/cannot-enroll-before-start-date-error.ts","statementMap":{"0":{"start":{"line":4,"column":2},"end":{"line":7,"column":4}},"1":{"start":{"line":3,"column":0},"end":{"line":3,"column":16}}},"fnMap":{"0":{"name":"cannotEnrollBeforeStartDateError","decl":{"start":{"line":3,"column":16},"end":{"line":3,"column":48}},"loc":{"start":{"line":3,"column":48},"end":{"line":8,"column":1}}}},"branchMap":{},"s":{"0":0,"1":2},"f":{"0":0},"b":{}}
,"/home/amandax/Documents/projetos-full-stack/drivent/src/errors/cannot-list-hotels-error.ts": {"path":"/home/amandax/Documents/projetos-full-stack/drivent/src/errors/cannot-list-hotels-error.ts","statementMap":{"0":{"start":{"line":4,"column":2},"end":{"line":7,"column":4}},"1":{"start":{"line":3,"column":0},"end":{"line":3,"column":16}}},"fnMap":{"0":{"name":"cannotListHotelsError","decl":{"start":{"line":3,"column":16},"end":{"line":3,"column":37}},"loc":{"start":{"line":3,"column":37},"end":{"line":8,"column":1}}}},"branchMap":{},"s":{"0":0,"1":0},"f":{"0":0},"b":{}}
,"/home/amandax/Documents/projetos-full-stack/drivent/src/errors/conflict-error.ts": {"path":"/home/amandax/Documents/projetos-full-stack/drivent/src/errors/conflict-error.ts","statementMap":{"0":{"start":{"line":4,"column":2},"end":{"line":7,"column":4}},"1":{"start":{"line":3,"column":0},"end":{"line":3,"column":16}}},"fnMap":{"0":{"name":"conflictError","decl":{"start":{"line":3,"column":16},"end":{"line":3,"column":29}},"loc":{"start":{"line":3,"column":45},"end":{"line":8,"column":1}}}},"branchMap":{},"s":{"0":0,"1":2},"f":{"0":0},"b":{}}
,"/home/amandax/Documents/projetos-full-stack/drivent/src/errors/forbidden-error.ts": {"path":"/home/amandax/Documents/projetos-full-stack/drivent/src/errors/forbidden-error.ts","statementMap":{"0":{"start":{"line":4,"column":2},"end":{"line":7,"column":4}},"1":{"start":{"line":3,"column":0},"end":{"line":3,"column":16}}},"fnMap":{"0":{"name":"forbiddenError","decl":{"start":{"line":3,"column":16},"end":{"line":3,"column":30}},"loc":{"start":{"line":3,"column":30},"end":{"line":8,"column":1}}}},"branchMap":{},"s":{"0":6,"1":2},"f":{"0":6},"b":{}}
,"/home/amandax/Documents/projetos-full-stack/drivent/src/errors/index.ts": {"path":"/home/amandax/Documents/projetos-full-stack/drivent/src/errors/index.ts","statementMap":{"0":{"start":{"line":1,"column":0},"end":{"line":1,"column":56}},"1":{"start":{"line":2,"column":0},"end":{"line":2,"column":33}},"2":{"start":{"line":3,"column":0},"end":{"line":3,"column":37}},"3":{"start":{"line":4,"column":0},"end":{"line":4,"column":38}},"4":{"start":{"line":5,"column":0},"end":{"line":5,"column":34}},"5":{"start":{"line":6,"column":0},"end":{"line":6,"column":37}},"6":{"start":{"line":7,"column":0},"end":{"line":7,"column":32}},"7":{"start":{"line":8,"column":0},"end":{"line":8,"column":36}},"8":{"start":{"line":9,"column":0},"end":{"line":9,"column":41}},"9":{"start":{"line":10,"column":0},"end":{"line":10,"column":34}}},"fnMap":{},"branchMap":{},"s":{"0":2,"1":2,"2":2,"3":2,"4":2,"5":2,"6":2,"7":2,"8":2,"9":2},"f":{},"b":{}}
,"/home/amandax/Documents/projetos-full-stack/drivent/src/errors/invalid-data-error.ts": {"path":"/home/amandax/Documents/projetos-full-stack/drivent/src/errors/invalid-data-error.ts","statementMap":{"0":{"start":{"line":4,"column":2},"end":{"line":8,"column":4}},"1":{"start":{"line":3,"column":0},"end":{"line":3,"column":16}}},"fnMap":{"0":{"name":"invalidDataError","decl":{"start":{"line":3,"column":16},"end":{"line":3,"column":32}},"loc":{"start":{"line":3,"column":50},"end":{"line":9,"column":1}}}},"branchMap":{},"s":{"0":0,"1":2},"f":{"0":0},"b":{}}
,"/home/amandax/Documents/projetos-full-stack/drivent/src/errors/invalid-email-error.ts": {"path":"/home/amandax/Documents/projetos-full-stack/drivent/src/errors/invalid-email-error.ts","statementMap":{"0":{"start":{"line":4,"column":2},"end":{"line":8,"column":4}},"1":{"start":{"line":3,"column":0},"end":{"line":3,"column":16}}},"fnMap":{"0":{"name":"invalidEmailError","decl":{"start":{"line":3,"column":16},"end":{"line":3,"column":33}},"loc":{"start":{"line":3,"column":47},"end":{"line":9,"column":1}}}},"branchMap":{},"s":{"0":0,"1":2},"f":{"0":0},"b":{}}
,"/home/amandax/Documents/projetos-full-stack/drivent/src/errors/not-found-error.ts": {"path":"/home/amandax/Documents/projetos-full-stack/drivent/src/errors/not-found-error.ts","statementMap":{"0":{"start":{"line":4,"column":2},"end":{"line":7,"column":4}},"1":{"start":{"line":3,"column":0},"end":{"line":3,"column":16}}},"fnMap":{"0":{"name":"notFoundError","decl":{"start":{"line":3,"column":16},"end":{"line":3,"column":29}},"loc":{"start":{"line":3,"column":29},"end":{"line":8,"column":1}}}},"branchMap":{},"s":{"0":3,"1":2},"f":{"0":3},"b":{}}
,"/home/amandax/Documents/projetos-full-stack/drivent/src/errors/payment-required-error.ts": {"path":"/home/amandax/Documents/projetos-full-stack/drivent/src/errors/payment-required-error.ts","statementMap":{"0":{"start":{"line":4,"column":2},"end":{"line":7,"column":4}},"1":{"start":{"line":3,"column":0},"end":{"line":3,"column":16}}},"fnMap":{"0":{"name":"paymentRquiredError","decl":{"start":{"line":3,"column":16},"end":{"line":3,"column":35}},"loc":{"start":{"line":3,"column":35},"end":{"line":8,"column":1}}}},"branchMap":{},"s":{"0":0,"1":2},"f":{"0":0},"b":{}}
,"/home/amandax/Documents/projetos-full-stack/drivent/src/errors/request-error.ts": {"path":"/home/amandax/Documents/projetos-full-stack/drivent/src/errors/request-error.ts","statementMap":{"0":{"start":{"line":4,"column":2},"end":{"line":10,"column":4}},"1":{"start":{"line":3,"column":0},"end":{"line":3,"column":16}}},"fnMap":{"0":{"name":"requestError","decl":{"start":{"line":3,"column":16},"end":{"line":3,"column":28}},"loc":{"start":{"line":3,"column":63},"end":{"line":11,"column":1}}}},"branchMap":{},"s":{"0":0,"1":2},"f":{"0":0},"b":{}}
,"/home/amandax/Documents/projetos-full-stack/drivent/src/errors/unauthorized-error.ts": {"path":"/home/amandax/Documents/projetos-full-stack/drivent/src/errors/unauthorized-error.ts","statementMap":{"0":{"start":{"line":4,"column":2},"end":{"line":7,"column":4}},"1":{"start":{"line":3,"column":0},"end":{"line":3,"column":16}}},"fnMap":{"0":{"name":"unauthorizedError","decl":{"start":{"line":3,"column":16},"end":{"line":3,"column":33}},"loc":{"start":{"line":3,"column":33},"end":{"line":8,"column":1}}}},"branchMap":{},"s":{"0":6,"1":2},"f":{"0":6},"b":{}}
,"/home/amandax/Documents/projetos-full-stack/drivent/src/middlewares/authentication-middleware.ts": {"path":"/home/amandax/Documents/projetos-full-stack/drivent/src/middlewares/authentication-middleware.ts","statementMap":{"0":{"start":{"line":2,"column":0},"end":{"line":2,"column":37}},"1":{"start":{"line":3,"column":0},"end":{"line":3,"column":36}},"2":{"start":{"line":5,"column":0},"end":{"line":5,"column":45}},"3":{"start":{"line":6,"column":0},"end":{"line":6,"column":34}},"4":{"start":{"line":9,"column":21},"end":{"line":9,"column":48}},"5":{"start":{"line":10,"column":2},"end":{"line":10,"column":60}},"6":{"start":{"line":10,"column":19},"end":{"line":10,"column":60}},"7":{"start":{"line":12,"column":16},"end":{"line":12,"column":40}},"8":{"start":{"line":13,"column":2},"end":{"line":13,"column":55}},"9":{"start":{"line":13,"column":14},"end":{"line":13,"column":55}},"10":{"start":{"line":15,"column":2},"end":{"line":30,"column":null}},"11":{"start":{"line":16,"column":23},"end":{"line":16,"column":78}},"12":{"start":{"line":18,"column":20},"end":{"line":22,"column":6}},"13":{"start":{"line":23,"column":4},"end":{"line":23,"column":59}},"14":{"start":{"line":23,"column":18},"end":{"line":23,"column":59}},"15":{"start":{"line":25,"column":4},"end":{"line":25,"column":24}},"16":{"start":{"line":27,"column":4},"end":{"line":27,"column":18}},"17":{"start":{"line":29,"column":4},"end":{"line":29,"column":45}},"18":{"start":{"line":8,"column":0},"end":{"line":8,"column":7}},"19":{"start":{"line":34,"column":2},"end":{"line":34,"column":64}}},"fnMap":{"0":{"name":"authenticateToken","decl":{"start":{"line":8,"column":22},"end":{"line":8,"column":39}},"loc":{"start":{"line":8,"column":100},"end":{"line":31,"column":1}}},"1":{"name":"generateUnauthorizedResponse","decl":{"start":{"line":33,"column":9},"end":{"line":33,"column":37}},"loc":{"start":{"line":33,"column":51},"end":{"line":35,"column":1}}}},"branchMap":{"0":{"loc":{"start":{"line":10,"column":2},"end":{"line":10,"column":60}},"type":"if","locations":[{"start":{"line":10,"column":2},"end":{"line":10,"column":60}}]},"1":{"loc":{"start":{"line":13,"column":2},"end":{"line":13,"column":55}},"type":"if","locations":[{"start":{"line":13,"column":2},"end":{"line":13,"column":55}}]},"2":{"loc":{"start":{"line":23,"column":4},"end":{"line":23,"column":59}},"type":"if","locations":[{"start":{"line":23,"column":4},"end":{"line":23,"column":59}}]}},"s":{"0":1,"1":1,"2":1,"3":1,"4":13,"5":13,"6":3,"7":10,"8":10,"9":0,"10":10,"11":10,"12":7,"13":7,"14":0,"15":7,"16":7,"17":3,"18":1,"19":6},"f":{"0":13,"1":6},"b":{"0":[3],"1":[0],"2":[0]}}
,"/home/amandax/Documents/projetos-full-stack/drivent/src/middlewares/error-handling-middleware.ts": {"path":"/home/amandax/Documents/projetos-full-stack/drivent/src/middlewares/error-handling-middleware.ts","statementMap":{"0":{"start":{"line":2,"column":0},"end":{"line":2,"column":37}},"1":{"start":{"line":11,"column":2},"end":{"line":15,"column":null}},"2":{"start":{"line":12,"column":4},"end":{"line":14,"column":7}},"3":{"start":{"line":17,"column":2},"end":{"line":21,"column":null}},"4":{"start":{"line":18,"column":4},"end":{"line":20,"column":7}},"5":{"start":{"line":23,"column":2},"end":{"line":27,"column":null}},"6":{"start":{"line":24,"column":4},"end":{"line":26,"column":7}},"7":{"start":{"line":29,"column":2},"end":{"line":33,"column":null}},"8":{"start":{"line":30,"column":4},"end":{"line":32,"column":7}},"9":{"start":{"line":35,"column":2},"end":{"line":39,"column":null}},"10":{"start":{"line":36,"column":4},"end":{"line":38,"column":7}},"11":{"start":{"line":41,"column":2},"end":{"line":45,"column":null}},"12":{"start":{"line":42,"column":4},"end":{"line":44,"column":7}},"13":{"start":{"line":47,"column":2},"end":{"line":51,"column":null}},"14":{"start":{"line":48,"column":4},"end":{"line":50,"column":7}},"15":{"start":{"line":54,"column":2},"end":{"line":54,"column":26}},"16":{"start":{"line":55,"column":2},"end":{"line":58,"column":5}},"17":{"start":{"line":5,"column":0},"end":{"line":5,"column":16}}},"fnMap":{"0":{"name":"handleApplicationErrors","decl":{"start":{"line":5,"column":16},"end":{"line":5,"column":39}},"loc":{"start":{"line":9,"column":21},"end":{"line":59,"column":1}}}},"branchMap":{"0":{"loc":{"start":{"line":11,"column":2},"end":{"line":15,"column":null}},"type":"if","locations":[{"start":{"line":11,"column":2},"end":{"line":15,"column":null}}]},"1":{"loc":{"start":{"line":17,"column":2},"end":{"line":21,"column":null}},"type":"if","locations":[{"start":{"line":17,"column":2},"end":{"line":21,"column":null}}]},"2":{"loc":{"start":{"line":17,"column":6},"end":{"line":17,"column":73}},"type":"binary-expr","locations":[{"start":{"line":17,"column":6},"end":{"line":17,"column":34}},{"start":{"line":17,"column":38},"end":{"line":17,"column":73}}]},"3":{"loc":{"start":{"line":23,"column":2},"end":{"line":27,"column":null}},"type":"if","locations":[{"start":{"line":23,"column":2},"end":{"line":27,"column":null}}]},"4":{"loc":{"start":{"line":29,"column":2},"end":{"line":33,"column":null}},"type":"if","locations":[{"start":{"line":29,"column":2},"end":{"line":33,"column":null}}]},"5":{"loc":{"start":{"line":35,"column":2},"end":{"line":39,"column":null}},"type":"if","locations":[{"start":{"line":35,"column":2},"end":{"line":39,"column":null}}]},"6":{"loc":{"start":{"line":41,"column":2},"end":{"line":45,"column":null}},"type":"if","locations":[{"start":{"line":41,"column":2},"end":{"line":45,"column":null}}]},"7":{"loc":{"start":{"line":47,"column":2},"end":{"line":51,"column":null}},"type":"if","locations":[{"start":{"line":47,"column":2},"end":{"line":51,"column":null}}]}},"s":{"0":1,"1":0,"2":0,"3":0,"4":0,"5":0,"6":0,"7":0,"8":0,"9":0,"10":0,"11":0,"12":0,"13":0,"14":0,"15":0,"16":0,"17":1},"f":{"0":0},"b":{"0":[0],"1":[0],"2":[0,0],"3":[0],"4":[0],"5":[0],"6":[0],"7":[0]}}
,"/home/amandax/Documents/projetos-full-stack/drivent/src/middlewares/index.ts": {"path":"/home/amandax/Documents/projetos-full-stack/drivent/src/middlewares/index.ts","statementMap":{"0":{"start":{"line":1,"column":0},"end":{"line":1,"column":44}},"1":{"start":{"line":2,"column":0},"end":{"line":2,"column":40}},"2":{"start":{"line":3,"column":0},"end":{"line":3,"column":44}}},"fnMap":{},"branchMap":{},"s":{"0":1,"1":1,"2":1},"f":{},"b":{}}
,"/home/amandax/Documents/projetos-full-stack/drivent/src/middlewares/validation-middleware.ts": {"path":"/home/amandax/Documents/projetos-full-stack/drivent/src/middlewares/validation-middleware.ts","statementMap":{"0":{"start":{"line":2,"column":0},"end":{"line":2,"column":37}},"1":{"start":{"line":4,"column":0},"end":{"line":4,"column":44}},"2":{"start":{"line":7,"column":2},"end":{"line":7,"column":34}},"3":{"start":{"line":6,"column":0},"end":{"line":6,"column":16}},"4":{"start":{"line":11,"column":2},"end":{"line":11,"column":36}},"5":{"start":{"line":10,"column":0},"end":{"line":10,"column":16}},"6":{"start":{"line":15,"column":2},"end":{"line":25,"column":4}},"7":{"start":{"line":16,"column":22},"end":{"line":18,"column":6}},"8":{"start":{"line":20,"column":4},"end":{"line":24,"column":null}},"9":{"start":{"line":21,"column":6},"end":{"line":21,"column":13}},"10":{"start":{"line":23,"column":6},"end":{"line":23,"column":101}},"11":{"start":{"line":23,"column":88},"end":{"line":23,"column":97}}},"fnMap":{"0":{"name":"validateBody","decl":{"start":{"line":6,"column":16},"end":{"line":6,"column":28}},"loc":{"start":{"line":6,"column":55},"end":{"line":8,"column":1}}},"1":{"name":"validateParams","decl":{"start":{"line":10,"column":16},"end":{"line":10,"column":30}},"loc":{"start":{"line":10,"column":57},"end":{"line":12,"column":1}}},"2":{"name":"validate","decl":{"start":{"line":14,"column":9},"end":{"line":14,"column":17}},"loc":{"start":{"line":14,"column":63},"end":{"line":26,"column":1}}},"3":{"name":"(anonymous_4)","decl":{"start":{"line":15,"column":9},"end":{"line":15,"column":10}},"loc":{"start":{"line":15,"column":61},"end":{"line":25,"column":3}}},"4":{"name":"(anonymous_5)","decl":{"start":{"line":23,"column":81},"end":{"line":23,"column":82}},"loc":{"start":{"line":23,"column":88},"end":{"line":23,"column":97}}}},"branchMap":{"0":{"loc":{"start":{"line":20,"column":4},"end":{"line":24,"column":null}},"type":"if","locations":[{"start":{"line":20,"column":4},"end":{"line":24,"column":null}},{"start":{"line":22,"column":11},"end":{"line":24,"column":null}}]}},"s":{"0":1,"1":1,"2":3,"3":1,"4":0,"5":1,"6":3,"7":0,"8":0,"9":0,"10":0,"11":0},"f":{"0":3,"1":0,"2":3,"3":0,"4":0},"b":{"0":[0,0]}}
,"/home/amandax/Documents/projetos-full-stack/drivent/src/repositories/address-repository/index.ts": {"path":"/home/amandax/Documents/projetos-full-stack/drivent/src/repositories/address-repository/index.ts","statementMap":{"0":{"start":{"line":2,"column":0},"end":{"line":2,"column":34}},"1":{"start":{"line":5,"column":2},"end":{"line":14,"column":5}},"2":{"start":{"line":20,"column":26},"end":{"line":22,"column":2}},"3":{"start":{"line":24,"column":0},"end":{"line":24,"column":33}}},"fnMap":{"0":{"name":"upsert","decl":{"start":{"line":4,"column":15},"end":{"line":4,"column":21}},"loc":{"start":{"line":4,"column":116},"end":{"line":15,"column":1}}}},"branchMap":{},"s":{"0":1,"1":0,"2":1,"3":1},"f":{"0":0},"b":{}}
,"/home/amandax/Documents/projetos-full-stack/drivent/src/repositories/booking-repository/index.ts": {"path":"/home/amandax/Documents/projetos-full-stack/drivent/src/repositories/booking-repository/index.ts","statementMap":{"0":{"start":{"line":1,"column":0},"end":{"line":1,"column":34}},"1":{"start":{"line":4,"column":4},"end":{"line":9,"column":7}},"2":{"start":{"line":3,"column":0},"end":{"line":3,"column":16}},"3":{"start":{"line":13,"column":4},"end":{"line":20,"column":7}},"4":{"start":{"line":12,"column":0},"end":{"line":12,"column":16}},"5":{"start":{"line":24,"column":4},"end":{"line":32,"column":null}},"6":{"start":{"line":23,"column":0},"end":{"line":23,"column":16}},"7":{"start":{"line":36,"column":4},"end":{"line":43,"column":null}},"8":{"start":{"line":35,"column":0},"end":{"line":35,"column":16}}},"fnMap":{"0":{"name":"createBooking","decl":{"start":{"line":3,"column":16},"end":{"line":3,"column":29}},"loc":{"start":{"line":3,"column":61},"end":{"line":10,"column":1}}},"1":{"name":"getRoomAndItsBookings","decl":{"start":{"line":12,"column":16},"end":{"line":12,"column":37}},"loc":{"start":{"line":12,"column":53},"end":{"line":21,"column":1}}},"2":{"name":"getBookingWithRoomData","decl":{"start":{"line":23,"column":16},"end":{"line":23,"column":38}},"loc":{"start":{"line":23,"column":54},"end":{"line":33,"column":1}}},"3":{"name":"updateBooking","decl":{"start":{"line":35,"column":16},"end":{"line":35,"column":29}},"loc":{"start":{"line":35,"column":64},"end":{"line":44,"column":1}}}},"branchMap":{},"s":{"0":2,"1":1,"2":2,"3":2,"4":2,"5":2,"6":2,"7":1,"8":2},"f":{"0":1,"1":2,"2":2,"3":1},"b":{}}
,"/home/amandax/Documents/projetos-full-stack/drivent/src/repositories/enrollment-repository/index.ts": {"path":"/home/amandax/Documents/projetos-full-stack/drivent/src/repositories/enrollment-repository/index.ts","statementMap":{"0":{"start":{"line":2,"column":0},"end":{"line":2,"column":34}},"1":{"start":{"line":5,"column":2},"end":{"line":10,"column":5}},"2":{"start":{"line":4,"column":0},"end":{"line":4,"column":7}},"3":{"start":{"line":18,"column":2},"end":{"line":24,"column":5}},"4":{"start":{"line":13,"column":0},"end":{"line":13,"column":7}},"5":{"start":{"line":28,"column":2},"end":{"line":32,"column":null}},"6":{"start":{"line":27,"column":0},"end":{"line":27,"column":7}},"7":{"start":{"line":36,"column":2},"end":{"line":40,"column":null}},"8":{"start":{"line":35,"column":0},"end":{"line":35,"column":7}}},"fnMap":{"0":{"name":"findWithAddressByUserId","decl":{"start":{"line":4,"column":22},"end":{"line":4,"column":45}},"loc":{"start":{"line":4,"column":60},"end":{"line":11,"column":1}}},"1":{"name":"upsert","decl":{"start":{"line":13,"column":22},"end":{"line":13,"column":28}},"loc":{"start":{"line":16,"column":43},"end":{"line":25,"column":1}}},"2":{"name":"getUserEnrollment","decl":{"start":{"line":27,"column":22},"end":{"line":27,"column":39}},"loc":{"start":{"line":27,"column":55},"end":{"line":33,"column":1}}},"3":{"name":"getUserEnrollmentById","decl":{"start":{"line":35,"column":22},"end":{"line":35,"column":43}},"loc":{"start":{"line":35,"column":55},"end":{"line":41,"column":1}}}},"branchMap":{},"s":{"0":1,"1":0,"2":1,"3":0,"4":1,"5":0,"6":1,"7":0,"8":1},"f":{"0":0,"1":0,"2":0,"3":0},"b":{}}
,"/home/amandax/Documents/projetos-full-stack/drivent/src/repositories/event-repository/index.ts": {"path":"/home/amandax/Documents/projetos-full-stack/drivent/src/repositories/event-repository/index.ts","statementMap":{"0":{"start":{"line":1,"column":0},"end":{"line":1,"column":34}},"1":{"start":{"line":4,"column":2},"end":{"line":4,"column":34}},"2":{"start":{"line":7,"column":24},"end":{"line":9,"column":2}},"3":{"start":{"line":11,"column":0},"end":{"line":11,"column":31}}},"fnMap":{"0":{"name":"findFirst","decl":{"start":{"line":3,"column":15},"end":{"line":3,"column":24}},"loc":{"start":{"line":3,"column":24},"end":{"line":5,"column":1}}}},"branchMap":{},"s":{"0":1,"1":0,"2":1,"3":1},"f":{"0":0},"b":{}}
,"/home/amandax/Documents/projetos-full-stack/drivent/src/repositories/hotel-repository/index.ts": {"path":"/home/amandax/Documents/projetos-full-stack/drivent/src/repositories/hotel-repository/index.ts","statementMap":{"0":{"start":{"line":1,"column":0},"end":{"line":1,"column":34}},"1":{"start":{"line":5,"column":4},"end":{"line":5,"column":35}},"2":{"start":{"line":4,"column":0},"end":{"line":4,"column":16}},"3":{"start":{"line":13,"column":4},"end":{"line":17,"column":null}},"4":{"start":{"line":12,"column":0},"end":{"line":12,"column":16}},"5":{"start":{"line":21,"column":4},"end":{"line":25,"column":null}},"6":{"start":{"line":20,"column":0},"end":{"line":20,"column":16}}},"fnMap":{"0":{"name":"getHotels","decl":{"start":{"line":4,"column":16},"end":{"line":4,"column":25}},"loc":{"start":{"line":4,"column":25},"end":{"line":6,"column":1}}},"1":{"name":"getHotelById","decl":{"start":{"line":12,"column":16},"end":{"line":12,"column":28}},"loc":{"start":{"line":12,"column":45},"end":{"line":18,"column":1}}},"2":{"name":"getHotelRooms","decl":{"start":{"line":20,"column":16},"end":{"line":20,"column":29}},"loc":{"start":{"line":20,"column":45},"end":{"line":26,"column":1}}}},"branchMap":{},"s":{"0":1,"1":0,"2":1,"3":0,"4":1,"5":0,"6":1},"f":{"0":0,"1":0,"2":0},"b":{}}
,"/home/amandax/Documents/projetos-full-stack/drivent/src/repositories/payment-repository/index.ts": {"path":"/home/amandax/Documents/projetos-full-stack/drivent/src/repositories/payment-repository/index.ts","statementMap":{"0":{"start":{"line":1,"column":0},"end":{"line":1,"column":34}},"1":{"start":{"line":5,"column":4},"end":{"line":9,"column":null}},"2":{"start":{"line":4,"column":0},"end":{"line":4,"column":7}},"3":{"start":{"line":14,"column":4},"end":{"line":16,"column":null}},"4":{"start":{"line":13,"column":0},"end":{"line":13,"column":7}}},"fnMap":{"0":{"name":"getUserTicketPayment","decl":{"start":{"line":4,"column":22},"end":{"line":4,"column":42}},"loc":{"start":{"line":4,"column":59},"end":{"line":10,"column":1}}},"1":{"name":"createTicketPayment","decl":{"start":{"line":13,"column":22},"end":{"line":13,"column":41}},"loc":{"start":{"line":13,"column":65},"end":{"line":17,"column":1}}}},"branchMap":{},"s":{"0":1,"1":0,"2":1,"3":0,"4":1},"f":{"0":0,"1":0},"b":{}}
,"/home/amandax/Documents/projetos-full-stack/drivent/src/repositories/session-repository/index.ts": {"path":"/home/amandax/Documents/projetos-full-stack/drivent/src/repositories/session-repository/index.ts","statementMap":{"0":{"start":{"line":2,"column":0},"end":{"line":2,"column":34}},"1":{"start":{"line":5,"column":2},"end":{"line":7,"column":5}},"2":{"start":{"line":10,"column":26},"end":{"line":12,"column":2}},"3":{"start":{"line":14,"column":0},"end":{"line":14,"column":33}}},"fnMap":{"0":{"name":"create","decl":{"start":{"line":4,"column":15},"end":{"line":4,"column":21}},"loc":{"start":{"line":4,"column":62},"end":{"line":8,"column":1}}}},"branchMap":{},"s":{"0":1,"1":0,"2":1,"3":1},"f":{"0":0},"b":{}}
,"/home/amandax/Documents/projetos-full-stack/drivent/src/repositories/ticket-repository/index.ts": {"path":"/home/amandax/Documents/projetos-full-stack/drivent/src/repositories/ticket-repository/index.ts","statementMap":{"0":{"start":{"line":1,"column":0},"end":{"line":1,"column":34}},"1":{"start":{"line":5,"column":4},"end":{"line":5,"column":46}},"2":{"start":{"line":4,"column":0},"end":{"line":4,"column":7}},"3":{"start":{"line":10,"column":2},"end":{"line":19,"column":null}},"4":{"start":{"line":9,"column":0},"end":{"line":9,"column":7}},"5":{"start":{"line":23,"column":4},"end":{"line":27,"column":null}},"6":{"start":{"line":22,"column":0},"end":{"line":22,"column":7}},"7":{"start":{"line":31,"column":2},"end":{"line":35,"column":null}},"8":{"start":{"line":30,"column":0},"end":{"line":30,"column":7}},"9":{"start":{"line":39,"column":4},"end":{"line":45,"column":null}},"10":{"start":{"line":38,"column":0},"end":{"line":38,"column":7}},"11":{"start":{"line":49,"column":4},"end":{"line":56,"column":null}},"12":{"start":{"line":48,"column":0},"end":{"line":48,"column":7}},"13":{"start":{"line":60,"column":4},"end":{"line":64,"column":null}},"14":{"start":{"line":59,"column":0},"end":{"line":59,"column":7}},"15":{"start":{"line":68,"column":4},"end":{"line":72,"column":null}},"16":{"start":{"line":67,"column":0},"end":{"line":67,"column":7}}},"fnMap":{"0":{"name":"getAllTypesOfTickets","decl":{"start":{"line":4,"column":22},"end":{"line":4,"column":42}},"loc":{"start":{"line":4,"column":42},"end":{"line":7,"column":1}}},"1":{"name":"getUserTickets","decl":{"start":{"line":9,"column":22},"end":{"line":9,"column":36}},"loc":{"start":{"line":9,"column":51},"end":{"line":20,"column":1}}},"2":{"name":"getUserTicketsByTicketId","decl":{"start":{"line":22,"column":22},"end":{"line":22,"column":46}},"loc":{"start":{"line":22,"column":64},"end":{"line":28,"column":1}}},"3":{"name":"getUserTicketsByEnrollmentId","decl":{"start":{"line":30,"column":22},"end":{"line":30,"column":50}},"loc":{"start":{"line":30,"column":72},"end":{"line":36,"column":1}}},"4":{"name":"createTicket","decl":{"start":{"line":38,"column":22},"end":{"line":38,"column":34}},"loc":{"start":{"line":38,"column":78},"end":{"line":46,"column":1}}},"5":{"name":"updateTicketStatus","decl":{"start":{"line":48,"column":22},"end":{"line":48,"column":40}},"loc":{"start":{"line":48,"column":58},"end":{"line":57,"column":1}}},"6":{"name":"getUserTicketPayment","decl":{"start":{"line":59,"column":22},"end":{"line":59,"column":42}},"loc":{"start":{"line":59,"column":60},"end":{"line":65,"column":1}}},"7":{"name":"getTicketByType","decl":{"start":{"line":67,"column":22},"end":{"line":67,"column":37}},"loc":{"start":{"line":67,"column":49},"end":{"line":73,"column":1}}}},"branchMap":{},"s":{"0":2,"1":0,"2":2,"3":1,"4":2,"5":0,"6":2,"7":0,"8":2,"9":0,"10":2,"11":0,"12":2,"13":0,"14":2,"15":0,"16":2},"f":{"0":0,"1":1,"2":0,"3":0,"4":0,"5":0,"6":0,"7":0},"b":{}}
,"/home/amandax/Documents/projetos-full-stack/drivent/src/repositories/user-repository/index.ts": {"path":"/home/amandax/Documents/projetos-full-stack/drivent/src/repositories/user-repository/index.ts","statementMap":{"0":{"start":{"line":2,"column":0},"end":{"line":2,"column":34}},"1":{"start":{"line":5,"column":44},"end":{"line":9,"column":4}},"2":{"start":{"line":11,"column":2},"end":{"line":13,"column":null}},"3":{"start":{"line":12,"column":4},"end":{"line":12,"column":27}},"4":{"start":{"line":15,"column":2},"end":{"line":15,"column":40}},"5":{"start":{"line":19,"column":2},"end":{"line":21,"column":5}},"6":{"start":{"line":24,"column":23},"end":{"line":27,"column":2}},"7":{"start":{"line":29,"column":0},"end":{"line":29,"column":30}}},"fnMap":{"0":{"name":"findByEmail","decl":{"start":{"line":4,"column":15},"end":{"line":4,"column":26}},"loc":{"start":{"line":4,"column":68},"end":{"line":16,"column":1}}},"1":{"name":"create","decl":{"start":{"line":18,"column":15},"end":{"line":18,"column":21}},"loc":{"start":{"line":18,"column":59},"end":{"line":22,"column":1}}}},"branchMap":{"0":{"loc":{"start":{"line":11,"column":2},"end":{"line":13,"column":null}},"type":"if","locations":[{"start":{"line":11,"column":2},"end":{"line":13,"column":null}}]}},"s":{"0":1,"1":0,"2":0,"3":0,"4":0,"5":0,"6":1,"7":1},"f":{"0":0,"1":0},"b":{"0":[0]}}
,"/home/amandax/Documents/projetos-full-stack/drivent/src/routers/authentication-router.ts": {"path":"/home/amandax/Documents/projetos-full-stack/drivent/src/routers/authentication-router.ts","statementMap":{"0":{"start":{"line":1,"column":0},"end":{"line":1,"column":33}},"1":{"start":{"line":2,"column":0},"end":{"line":2,"column":43}},"2":{"start":{"line":3,"column":0},"end":{"line":3,"column":45}},"3":{"start":{"line":4,"column":0},"end":{"line":4,"column":41}},"4":{"start":{"line":6,"column":29},"end":{"line":6,"column":37}},"5":{"start":{"line":10,"column":9},"end":{"line":10,"column":29}},"6":{"start":{"line":8,"column":0},"end":{"line":8,"column":78}}},"fnMap":{},"branchMap":{},"s":{"0":1,"1":1,"2":1,"3":1,"4":1,"5":1,"6":1},"f":{},"b":{}}
,"/home/amandax/Documents/projetos-full-stack/drivent/src/routers/bookings-router.ts": {"path":"/home/amandax/Documents/projetos-full-stack/drivent/src/routers/bookings-router.ts","statementMap":{"0":{"start":{"line":1,"column":0},"end":{"line":1,"column":33}},"1":{"start":{"line":2,"column":0},"end":{"line":2,"column":50}},"2":{"start":{"line":3,"column":0},"end":{"line":3,"column":71}},"3":{"start":{"line":6,"column":13},"end":{"line":6,"column":39}},"4":{"start":{"line":8,"column":0},"end":{"line":8,"column":39}},"5":{"start":{"line":9,"column":0},"end":{"line":9,"column":56}},"6":{"start":{"line":10,"column":0},"end":{"line":10,"column":60}},"7":{"start":{"line":11,"column":0},"end":{"line":11,"column":69}}},"fnMap":{},"branchMap":{},"s":{"0":1,"1":1,"2":1,"3":1,"4":1,"5":1,"6":1,"7":1},"f":{},"b":{}}
,"/home/amandax/Documents/projetos-full-stack/drivent/src/routers/enrollments-router.ts": {"path":"/home/amandax/Documents/projetos-full-stack/drivent/src/routers/enrollments-router.ts","statementMap":{"0":{"start":{"line":1,"column":0},"end":{"line":1,"column":33}},"1":{"start":{"line":2,"column":0},"end":{"line":2,"column":64}},"2":{"start":{"line":3,"column":0},"end":{"line":3,"column":101}},"3":{"start":{"line":4,"column":0},"end":{"line":4,"column":51}},"4":{"start":{"line":6,"column":26},"end":{"line":6,"column":34}},"5":{"start":{"line":14,"column":9},"end":{"line":14,"column":26}},"6":{"start":{"line":8,"column":0},"end":{"line":12,"column":81}}},"fnMap":{},"branchMap":{},"s":{"0":1,"1":1,"2":1,"3":1,"4":1,"5":1,"6":1},"f":{},"b":{}}
,"/home/amandax/Documents/projetos-full-stack/drivent/src/routers/events-router.ts": {"path":"/home/amandax/Documents/projetos-full-stack/drivent/src/routers/events-router.ts","statementMap":{"0":{"start":{"line":1,"column":0},"end":{"line":1,"column":33}},"1":{"start":{"line":2,"column":0},"end":{"line":2,"column":48}},"2":{"start":{"line":4,"column":21},"end":{"line":4,"column":29}},"3":{"start":{"line":8,"column":9},"end":{"line":8,"column":21}},"4":{"start":{"line":6,"column":0},"end":{"line":6,"column":39}}},"fnMap":{},"branchMap":{},"s":{"0":1,"1":1,"2":1,"3":1,"4":1},"f":{},"b":{}}
,"/home/amandax/Documents/projetos-full-stack/drivent/src/routers/hotels-router.ts": {"path":"/home/amandax/Documents/projetos-full-stack/drivent/src/routers/hotels-router.ts","statementMap":{"0":{"start":{"line":1,"column":0},"end":{"line":1,"column":50}},"1":{"start":{"line":2,"column":0},"end":{"line":2,"column":33}},"2":{"start":{"line":3,"column":0},"end":{"line":3,"column":69}},"3":{"start":{"line":5,"column":21},"end":{"line":5,"column":29}},"4":{"start":{"line":11,"column":8},"end":{"line":11,"column":20}},"5":{"start":{"line":7,"column":0},"end":{"line":7,"column":37}},"6":{"start":{"line":8,"column":0},"end":{"line":8,"column":52}},"7":{"start":{"line":9,"column":0},"end":{"line":9,"column":63}}},"fnMap":{},"branchMap":{},"s":{"0":1,"1":1,"2":1,"3":1,"4":1,"5":1,"6":1,"7":1},"f":{},"b":{}}
,"/home/amandax/Documents/projetos-full-stack/drivent/src/routers/index.ts": {"path":"/home/amandax/Documents/projetos-full-stack/drivent/src/routers/index.ts","statementMap":{"0":{"start":{"line":1,"column":0},"end":{"line":1,"column":31}},"1":{"start":{"line":2,"column":0},"end":{"line":2,"column":40}},"2":{"start":{"line":3,"column":0},"end":{"line":3,"column":32}},"3":{"start":{"line":4,"column":0},"end":{"line":4,"column":37}},"4":{"start":{"line":5,"column":0},"end":{"line":5,"column":34}},"5":{"start":{"line":6,"column":0},"end":{"line":6,"column":33}},"6":{"start":{"line":7,"column":0},"end":{"line":7,"column":32}},"7":{"start":{"line":8,"column":0},"end":{"line":8,"column":34}}},"fnMap":{},"branchMap":{},"s":{"0":1,"1":1,"2":1,"3":1,"4":1,"5":1,"6":1,"7":1},"f":{},"b":{}}
,"/home/amandax/Documents/projetos-full-stack/drivent/src/routers/payments-router.ts": {"path":"/home/amandax/Documents/projetos-full-stack/drivent/src/routers/payments-router.ts","statementMap":{"0":{"start":{"line":1,"column":0},"end":{"line":1,"column":50}},"1":{"start":{"line":2,"column":0},"end":{"line":2,"column":33}},"2":{"start":{"line":3,"column":0},"end":{"line":3,"column":73}},"3":{"start":{"line":5,"column":23},"end":{"line":5,"column":31}},"4":{"start":{"line":11,"column":9},"end":{"line":11,"column":23}},"5":{"start":{"line":7,"column":0},"end":{"line":7,"column":38}},"6":{"start":{"line":8,"column":0},"end":{"line":8,"column":75}},"7":{"start":{"line":9,"column":0},"end":{"line":9,"column":82}}},"fnMap":{},"branchMap":{},"s":{"0":1,"1":1,"2":1,"3":1,"4":1,"5":1,"6":1,"7":1},"f":{},"b":{}}
,"/home/amandax/Documents/projetos-full-stack/drivent/src/routers/tickets-router.ts": {"path":"/home/amandax/Documents/projetos-full-stack/drivent/src/routers/tickets-router.ts","statementMap":{"0":{"start":{"line":1,"column":0},"end":{"line":1,"column":50}},"1":{"start":{"line":2,"column":0},"end":{"line":2,"column":33}},"2":{"start":{"line":3,"column":0},"end":{"line":3,"column":71}},"3":{"start":{"line":5,"column":22},"end":{"line":5,"column":30}},"4":{"start":{"line":12,"column":8},"end":{"line":12,"column":21}},"5":{"start":{"line":7,"column":0},"end":{"line":7,"column":37}},"6":{"start":{"line":8,"column":0},"end":{"line":8,"column":70}},"7":{"start":{"line":9,"column":0},"end":{"line":9,"column":58}},"8":{"start":{"line":10,"column":0},"end":{"line":10,"column":57}}},"fnMap":{},"branchMap":{},"s":{"0":1,"1":1,"2":1,"3":1,"4":1,"5":1,"6":1,"7":1,"8":1},"f":{},"b":{}}
,"/home/amandax/Documents/projetos-full-stack/drivent/src/routers/users-router.ts": {"path":"/home/amandax/Documents/projetos-full-stack/drivent/src/routers/users-router.ts","statementMap":{"0":{"start":{"line":1,"column":0},"end":{"line":1,"column":33}},"1":{"start":{"line":3,"column":0},"end":{"line":3,"column":45}},"2":{"start":{"line":4,"column":0},"end":{"line":4,"column":45}},"3":{"start":{"line":5,"column":0},"end":{"line":5,"column":42}},"4":{"start":{"line":7,"column":20},"end":{"line":7,"column":28}},"5":{"start":{"line":11,"column":9},"end":{"line":11,"column":20}},"6":{"start":{"line":9,"column":0},"end":{"line":9,"column":65}}},"fnMap":{},"branchMap":{},"s":{"0":1,"1":1,"2":1,"3":1,"4":1,"5":1,"6":1},"f":{},"b":{}}
,"/home/amandax/Documents/projetos-full-stack/drivent/src/schemas/authentication-schemas.ts": {"path":"/home/amandax/Documents/projetos-full-stack/drivent/src/schemas/authentication-schemas.ts","statementMap":{"0":{"start":{"line":1,"column":0},"end":{"line":1,"column":22}},"1":{"start":{"line":4,"column":13},"end":{"line":7,"column":3}}},"fnMap":{},"branchMap":{},"s":{"0":1,"1":1},"f":{},"b":{}}
,"/home/amandax/Documents/projetos-full-stack/drivent/src/schemas/bookings-schemas.ts": {"path":"/home/amandax/Documents/projetos-full-stack/drivent/src/schemas/bookings-schemas.ts","statementMap":{"0":{"start":{"line":1,"column":0},"end":{"line":1,"column":22}},"1":{"start":{"line":3,"column":13},"end":{"line":5,"column":3}}},"fnMap":{},"branchMap":{},"s":{"0":0,"1":0},"f":{},"b":{}}
,"/home/amandax/Documents/projetos-full-stack/drivent/src/schemas/enrollments-schemas.ts": {"path":"/home/amandax/Documents/projetos-full-stack/drivent/src/schemas/enrollments-schemas.ts","statementMap":{"0":{"start":{"line":1,"column":0},"end":{"line":1,"column":105}},"1":{"start":{"line":2,"column":0},"end":{"line":2,"column":22}},"2":{"start":{"line":5,"column":28},"end":{"line":5,"column":87}},"3":{"start":{"line":7,"column":28},"end":{"line":7,"column":86}},"4":{"start":{"line":9,"column":36},"end":{"line":9,"column":108}},"5":{"start":{"line":11,"column":13},"end":{"line":28,"column":3}},"6":{"start":{"line":23,"column":39},"end":{"line":23,"column":45}},"7":{"start":{"line":31,"column":2},"end":{"line":31,"column":27}},"8":{"start":{"line":31,"column":14},"end":{"line":31,"column":27}},"9":{"start":{"line":33,"column":2},"end":{"line":35,"column":null}},"10":{"start":{"line":34,"column":4},"end":{"line":34,"column":40}},"11":{"start":{"line":37,"column":2},"end":{"line":37,"column":15}},"12":{"start":{"line":41,"column":2},"end":{"line":41,"column":27}},"13":{"start":{"line":41,"column":14},"end":{"line":41,"column":27}},"14":{"start":{"line":43,"column":2},"end":{"line":45,"column":null}},"15":{"start":{"line":44,"column":4},"end":{"line":44,"column":40}},"16":{"start":{"line":47,"column":2},"end":{"line":47,"column":15}},"17":{"start":{"line":51,"column":2},"end":{"line":51,"column":27}},"18":{"start":{"line":51,"column":14},"end":{"line":51,"column":27}},"19":{"start":{"line":53,"column":2},"end":{"line":55,"column":null}},"20":{"start":{"line":54,"column":4},"end":{"line":54,"column":40}},"21":{"start":{"line":57,"column":2},"end":{"line":57,"column":15}}},"fnMap":{"0":{"name":"(anonymous_1)","decl":{"start":{"line":23,"column":32},"end":{"line":23,"column":33}},"loc":{"start":{"line":23,"column":39},"end":{"line":23,"column":45}}},"1":{"name":"joiCpfValidation","decl":{"start":{"line":30,"column":9},"end":{"line":30,"column":25}},"loc":{"start":{"line":30,"column":75},"end":{"line":38,"column":1}}},"2":{"name":"JoiCepValidation","decl":{"start":{"line":40,"column":9},"end":{"line":40,"column":25}},"loc":{"start":{"line":40,"column":75},"end":{"line":48,"column":1}}},"3":{"name":"joiMobilePhoneValidation","decl":{"start":{"line":50,"column":9},"end":{"line":50,"column":33}},"loc":{"start":{"line":50,"column":83},"end":{"line":58,"column":1}}}},"branchMap":{"0":{"loc":{"start":{"line":31,"column":2},"end":{"line":31,"column":27}},"type":"if","locations":[{"start":{"line":31,"column":2},"end":{"line":31,"column":27}}]},"1":{"loc":{"start":{"line":33,"column":2},"end":{"line":35,"column":null}},"type":"if","locations":[{"start":{"line":33,"column":2},"end":{"line":35,"column":null}}]},"2":{"loc":{"start":{"line":41,"column":2},"end":{"line":41,"column":27}},"type":"if","locations":[{"start":{"line":41,"column":2},"end":{"line":41,"column":27}}]},"3":{"loc":{"start":{"line":43,"column":2},"end":{"line":45,"column":null}},"type":"if","locations":[{"start":{"line":43,"column":2},"end":{"line":45,"column":null}}]},"4":{"loc":{"start":{"line":51,"column":2},"end":{"line":51,"column":27}},"type":"if","locations":[{"start":{"line":51,"column":2},"end":{"line":51,"column":27}}]},"5":{"loc":{"start":{"line":53,"column":2},"end":{"line":55,"column":null}},"type":"if","locations":[{"start":{"line":53,"column":2},"end":{"line":55,"column":null}}]}},"s":{"0":1,"1":1,"2":1,"3":1,"4":1,"5":1,"6":27,"7":0,"8":0,"9":0,"10":0,"11":0,"12":0,"13":0,"14":0,"15":0,"16":0,"17":0,"18":0,"19":0,"20":0,"21":0},"f":{"0":27,"1":0,"2":0,"3":0},"b":{"0":[0],"1":[0],"2":[0],"3":[0],"4":[0],"5":[0]}}
,"/home/amandax/Documents/projetos-full-stack/drivent/src/schemas/index.ts": {"path":"/home/amandax/Documents/projetos-full-stack/drivent/src/schemas/index.ts","statementMap":{"0":{"start":{"line":1,"column":0},"end":{"line":1,"column":32}},"1":{"start":{"line":2,"column":0},"end":{"line":2,"column":41}},"2":{"start":{"line":3,"column":0},"end":{"line":3,"column":38}}},"fnMap":{},"branchMap":{},"s":{"0":1,"1":1,"2":1},"f":{},"b":{}}
,"/home/amandax/Documents/projetos-full-stack/drivent/src/schemas/users-schemas.ts": {"path":"/home/amandax/Documents/projetos-full-stack/drivent/src/schemas/users-schemas.ts","statementMap":{"0":{"start":{"line":1,"column":0},"end":{"line":1,"column":22}},"1":{"start":{"line":4,"column":13},"end":{"line":7,"column":3}}},"fnMap":{},"branchMap":{},"s":{"0":1,"1":1},"f":{},"b":{}}
,"/home/amandax/Documents/projetos-full-stack/drivent/src/services/index.ts": {"path":"/home/amandax/Documents/projetos-full-stack/drivent/src/services/index.ts","statementMap":{"0":{"start":{"line":1,"column":0},"end":{"line":1,"column":32}},"1":{"start":{"line":2,"column":0},"end":{"line":2,"column":41}},"2":{"start":{"line":3,"column":0},"end":{"line":3,"column":33}},"3":{"start":{"line":4,"column":0},"end":{"line":4,"column":38}}},"fnMap":{},"branchMap":{},"s":{"0":0,"1":0,"2":0,"3":0},"f":{},"b":{}}
,"/home/amandax/Documents/projetos-full-stack/drivent/src/services/authentication-service/errors.ts": {"path":"/home/amandax/Documents/projetos-full-stack/drivent/src/services/authentication-service/errors.ts","statementMap":{"0":{"start":{"line":4,"column":2},"end":{"line":7,"column":4}},"1":{"start":{"line":3,"column":0},"end":{"line":3,"column":16}}},"fnMap":{"0":{"name":"invalidCredentialsError","decl":{"start":{"line":3,"column":16},"end":{"line":3,"column":39}},"loc":{"start":{"line":3,"column":39},"end":{"line":8,"column":1}}}},"branchMap":{},"s":{"0":0,"1":1},"f":{"0":0},"b":{}}
,"/home/amandax/Documents/projetos-full-stack/drivent/src/services/authentication-service/index.ts": {"path":"/home/amandax/Documents/projetos-full-stack/drivent/src/services/authentication-service/index.ts","statementMap":{"0":{"start":{"line":2,"column":0},"end":{"line":2,"column":28}},"1":{"start":{"line":3,"column":0},"end":{"line":3,"column":31}},"2":{"start":{"line":4,"column":0},"end":{"line":4,"column":51}},"3":{"start":{"line":5,"column":0},"end":{"line":5,"column":47}},"4":{"start":{"line":6,"column":0},"end":{"line":6,"column":60}},"5":{"start":{"line":7,"column":0},"end":{"line":7,"column":66}},"6":{"start":{"line":10,"column":30},"end":{"line":10,"column":36}},"7":{"start":{"line":12,"column":15},"end":{"line":12,"column":41}},"8":{"start":{"line":14,"column":2},"end":{"line":14,"column":56}},"9":{"start":{"line":16,"column":16},"end":{"line":16,"column":44}},"10":{"start":{"line":18,"column":2},"end":{"line":21,"column":4}},"11":{"start":{"line":25,"column":15},"end":{"line":25,"column":97}},"12":{"start":{"line":26,"column":2},"end":{"line":26,"column":45}},"13":{"start":{"line":26,"column":13},"end":{"line":26,"column":45}},"14":{"start":{"line":28,"column":2},"end":{"line":28,"column":14}},"15":{"start":{"line":32,"column":16},"end":{"line":32,"column":60}},"16":{"start":{"line":33,"column":2},"end":{"line":36,"column":5}},"17":{"start":{"line":38,"column":2},"end":{"line":38,"column":15}},"18":{"start":{"line":42,"column":26},"end":{"line":42,"column":70}},"19":{"start":{"line":43,"column":2},"end":{"line":43,"column":56}},"20":{"start":{"line":43,"column":24},"end":{"line":43,"column":56}},"21":{"start":{"line":55,"column":30},"end":{"line":57,"column":2}},"22":{"start":{"line":59,"column":0},"end":{"line":59,"column":37}},"23":{"start":{"line":60,"column":0},"end":{"line":60,"column":25}}},"fnMap":{"0":{"name":"signIn","decl":{"start":{"line":9,"column":15},"end":{"line":9,"column":21}},"loc":{"start":{"line":9,"column":42},"end":{"line":22,"column":1}}},"1":{"name":"getUserOrFail","decl":{"start":{"line":24,"column":15},"end":{"line":24,"column":28}},"loc":{"start":{"line":24,"column":42},"end":{"line":29,"column":1}}},"2":{"name":"createSession","decl":{"start":{"line":31,"column":15},"end":{"line":31,"column":28}},"loc":{"start":{"line":31,"column":43},"end":{"line":39,"column":1}}},"3":{"name":"validatePasswordOrFail","decl":{"start":{"line":41,"column":15},"end":{"line":41,"column":37}},"loc":{"start":{"line":41,"column":76},"end":{"line":44,"column":1}}}},"branchMap":{"0":{"loc":{"start":{"line":26,"column":2},"end":{"line":26,"column":45}},"type":"if","locations":[{"start":{"line":26,"column":2},"end":{"line":26,"column":45}}]},"1":{"loc":{"start":{"line":43,"column":2},"end":{"line":43,"column":56}},"type":"if","locations":[{"start":{"line":43,"column":2},"end":{"line":43,"column":56}}]}},"s":{"0":1,"1":1,"2":1,"3":1,"4":1,"5":1,"6":0,"7":0,"8":0,"9":0,"10":0,"11":0,"12":0,"13":0,"14":0,"15":0,"16":0,"17":0,"18":0,"19":0,"20":0,"21":1,"22":1,"23":1},"f":{"0":0,"1":0,"2":0,"3":0},"b":{"0":[0],"1":[0]}}
,"/home/amandax/Documents/projetos-full-stack/drivent/src/services/booking-service/index.ts": {"path":"/home/amandax/Documents/projetos-full-stack/drivent/src/services/booking-service/index.ts","statementMap":{"0":{"start":{"line":1,"column":0},"end":{"line":1,"column":57}},"1":{"start":{"line":2,"column":0},"end":{"line":2,"column":72}},"2":{"start":{"line":3,"column":0},"end":{"line":3,"column":66}},"3":{"start":{"line":6,"column":20},"end":{"line":6,"column":49}},"4":{"start":{"line":7,"column":19},"end":{"line":7,"column":29}},"5":{"start":{"line":9,"column":4},"end":{"line":11,"column":null}},"6":{"start":{"line":10,"column":8},"end":{"line":10,"column":31}},"7":{"start":{"line":13,"column":17},"end":{"line":13,"column":71}},"8":{"start":{"line":14,"column":4},"end":{"line":14,"column":37}},"9":{"start":{"line":14,"column":15},"end":{"line":14,"column":37}},"10":{"start":{"line":16,"column":4},"end":{"line":16,"column":70}},"11":{"start":{"line":16,"column":47},"end":{"line":16,"column":70}},"12":{"start":{"line":18,"column":4},"end":{"line":18,"column":66}},"13":{"start":{"line":5,"column":0},"end":{"line":5,"column":7}},"14":{"start":{"line":22,"column":20},"end":{"line":22,"column":76}},"15":{"start":{"line":23,"column":4},"end":{"line":23,"column":41}},"16":{"start":{"line":23,"column":18},"end":{"line":23,"column":41}},"17":{"start":{"line":25,"column":17},"end":{"line":25,"column":71}},"18":{"start":{"line":26,"column":4},"end":{"line":26,"column":37}},"19":{"start":{"line":26,"column":15},"end":{"line":26,"column":37}},"20":{"start":{"line":28,"column":4},"end":{"line":28,"column":70}},"21":{"start":{"line":28,"column":47},"end":{"line":28,"column":70}},"22":{"start":{"line":30,"column":4},"end":{"line":30,"column":69}},"23":{"start":{"line":21,"column":0},"end":{"line":21,"column":7}},"24":{"start":{"line":34,"column":20},"end":{"line":34,"column":76}},"25":{"start":{"line":35,"column":4},"end":{"line":35,"column":40}},"26":{"start":{"line":35,"column":18},"end":{"line":35,"column":40}},"27":{"start":{"line":36,"column":4},"end":{"line":36,"column":19}},"28":{"start":{"line":33,"column":0},"end":{"line":33,"column":7}}},"fnMap":{"0":{"name":"createBooking","decl":{"start":{"line":5,"column":22},"end":{"line":5,"column":35}},"loc":{"start":{"line":5,"column":66},"end":{"line":19,"column":1}}},"1":{"name":"updateBooking","decl":{"start":{"line":21,"column":22},"end":{"line":21,"column":35}},"loc":{"start":{"line":21,"column":86},"end":{"line":31,"column":1}}},"2":{"name":"getBooking","decl":{"start":{"line":33,"column":22},"end":{"line":33,"column":32}},"loc":{"start":{"line":33,"column":48},"end":{"line":37,"column":1}}}},"branchMap":{"0":{"loc":{"start":{"line":9,"column":4},"end":{"line":11,"column":null}},"type":"if","locations":[{"start":{"line":9,"column":4},"end":{"line":11,"column":null}}]},"1":{"loc":{"start":{"line":9,"column":8},"end":{"line":9,"column":98}},"type":"binary-expr","locations":[{"start":{"line":9,"column":8},"end":{"line":9,"column":34}},{"start":{"line":9,"column":38},"end":{"line":9,"column":70}},{"start":{"line":9,"column":74},"end":{"line":9,"column":98}}]},"2":{"loc":{"start":{"line":14,"column":4},"end":{"line":14,"column":37}},"type":"if","locations":[{"start":{"line":14,"column":4},"end":{"line":14,"column":37}}]},"3":{"loc":{"start":{"line":16,"column":4},"end":{"line":16,"column":70}},"type":"if","locations":[{"start":{"line":16,"column":4},"end":{"line":16,"column":70}}]},"4":{"loc":{"start":{"line":23,"column":4},"end":{"line":23,"column":41}},"type":"if","locations":[{"start":{"line":23,"column":4},"end":{"line":23,"column":41}}]},"5":{"loc":{"start":{"line":26,"column":4},"end":{"line":26,"column":37}},"type":"if","locations":[{"start":{"line":26,"column":4},"end":{"line":26,"column":37}}]},"6":{"loc":{"start":{"line":28,"column":4},"end":{"line":28,"column":70}},"type":"if","locations":[{"start":{"line":28,"column":4},"end":{"line":28,"column":70}}]},"7":{"loc":{"start":{"line":35,"column":4},"end":{"line":35,"column":40}},"type":"if","locations":[{"start":{"line":35,"column":4},"end":{"line":35,"column":40}}]}},"s":{"0":2,"1":2,"2":2,"3":6,"4":6,"5":6,"6":3,"7":3,"8":3,"9":1,"10":2,"11":1,"12":1,"13":2,"14":4,"15":4,"16":1,"17":3,"18":3,"19":1,"20":2,"21":1,"22":1,"23":2,"24":2,"25":2,"26":1,"27":1,"28":2},"f":{"0":6,"1":4,"2":2},"b":{"0":[3],"1":[6,3,3],"2":[1],"3":[1],"4":[1],"5":[1],"6":[1],"7":[1]}}
,"/home/amandax/Documents/projetos-full-stack/drivent/src/services/enrollments-service/index.ts": {"path":"/home/amandax/Documents/projetos-full-stack/drivent/src/services/enrollments-service/index.ts","statementMap":{"0":{"start":{"line":2,"column":0},"end":{"line":2,"column":42}},"1":{"start":{"line":3,"column":0},"end":{"line":3,"column":76}},"2":{"start":{"line":4,"column":0},"end":{"line":4,"column":91}},"3":{"start":{"line":6,"column":0},"end":{"line":6,"column":77}},"4":{"start":{"line":7,"column":0},"end":{"line":7,"column":47}},"5":{"start":{"line":11,"column":17},"end":{"line":11,"column":43}},"6":{"start":{"line":14,"column":36},"end":{"line":20,"column":null}},"7":{"start":{"line":22,"column":2},"end":{"line":22,"column":16}},"8":{"start":{"line":26,"column":17},"end":{"line":26,"column":77}},"9":{"start":{"line":28,"column":2},"end":{"line":30,"column":null}},"10":{"start":{"line":29,"column":4},"end":{"line":29,"column":26}},"11":{"start":{"line":32,"column":2},"end":{"line":32,"column":16}},"12":{"start":{"line":35,"column":32},"end":{"line":35,"column":90}},"13":{"start":{"line":37,"column":2},"end":{"line":37,"column":52}},"14":{"start":{"line":37,"column":30},"end":{"line":37,"column":52}},"15":{"start":{"line":39,"column":25},"end":{"line":39,"column":54}},"16":{"start":{"line":40,"column":18},"end":{"line":40,"column":47}},"17":{"start":{"line":42,"column":2},"end":{"line":45,"column":4}},"18":{"start":{"line":51,"column":2},"end":{"line":51,"column":33}},"19":{"start":{"line":51,"column":21},"end":{"line":51,"column":33}},"20":{"start":{"line":53,"column":2},"end":{"line":53,"column":73}},"21":{"start":{"line":59,"column":21},"end":{"line":59,"column":47}},"22":{"start":{"line":60,"column":18},"end":{"line":60,"column":53}},"23":{"start":{"line":63,"column":2},"end":{"line":63,"column":37}},"24":{"start":{"line":65,"column":24},"end":{"line":65,"column":115}},"25":{"start":{"line":67,"column":2},"end":{"line":67,"column":69}},"26":{"start":{"line":71,"column":2},"end":{"line":74,"column":4}},"27":{"start":{"line":81,"column":27},"end":{"line":85,"column":2}},"28":{"start":{"line":87,"column":0},"end":{"line":87,"column":34}}},"fnMap":{"0":{"name":"getAddressFromCEP","decl":{"start":{"line":10,"column":15},"end":{"line":10,"column":32}},"loc":{"start":{"line":10,"column":44},"end":{"line":23,"column":1}}},"1":{"name":"checkCepAddress","decl":{"start":{"line":25,"column":15},"end":{"line":25,"column":30}},"loc":{"start":{"line":25,"column":44},"end":{"line":33,"column":1}}},"2":{"name":"getOneWithAddressByUserId","decl":{"start":{"line":34,"column":15},"end":{"line":34,"column":40}},"loc":{"start":{"line":34,"column":55},"end":{"line":46,"column":1}}},"3":{"name":"getFirstAddress","decl":{"start":{"line":50,"column":9},"end":{"line":50,"column":24}},"loc":{"start":{"line":50,"column":46},"end":{"line":54,"column":1}}},"4":{"name":"createOrUpdateEnrollmentWithAddress","decl":{"start":{"line":58,"column":15},"end":{"line":58,"column":50}},"loc":{"start":{"line":58,"column":94},"end":{"line":68,"column":1}}},"5":{"name":"getAddressForUpsert","decl":{"start":{"line":70,"column":9},"end":{"line":70,"column":28}},"loc":{"start":{"line":70,"column":57},"end":{"line":75,"column":1}}}},"branchMap":{"0":{"loc":{"start":{"line":28,"column":2},"end":{"line":30,"column":null}},"type":"if","locations":[{"start":{"line":28,"column":2},"end":{"line":30,"column":null}}]},"1":{"loc":{"start":{"line":28,"column":6},"end":{"line":28,"column":38}},"type":"binary-expr",
[...]
,"/home/amandax/Documents/projetos-full-stack/drivent/src/services/events-service/index.ts": {"path":"/home/amandax/Documents/projetos-full-stack/drivent/src/services/events-service/index.ts","statementMap":{"0":{"start":{"line":2,"column":0},"end":{"line":2,"column":26}},"1":{"start":{"line":3,"column":0},"end":{"line":3,"column":41}},"2":{"start":{"line":4,"column":0},"end":{"line":4,"column":62}},"3":{"start":{"line":5,"column":0},"end":{"line":5,"column":47}},"4":{"start":{"line":8,"column":16},"end":{"line":8,"column":49}},"5":{"start":{"line":9,"column":2},"end":{"line":9,"column":36}},"6":{"start":{"line":9,"column":14},"end":{"line":9,"column":36}},"7":{"start":{"line":11,"column":2},"end":{"line":11,"column":50}},"8":{"start":{"line":17,"column":16},"end":{"line":17,"column":49}},"9":{"start":{"line":18,"column":2},"end":{"line":18,"column":27}},"10":{"start":{"line":18,"column":14},"end":{"line":18,"column":27}},"11":{"start":{"line":20,"column":14},"end":{"line":20,"column":21}},"12":{"start":{"line":21,"column":24},"end":{"line":21,"column":45}},"13":{"start":{"line":22,"column":22},"end":{"line":22,"column":41}},"14":{"start":{"line":24,"column":2},"end":{"line":24,"column":65}},"15":{"start":{"line":27,"column":22},"end":{"line":30,"column":2}},"16":{"start":{"line":32,"column":0},"end":{"line":32,"column":29}}},"fnMap":{"0":{"name":"getFirstEvent","decl":{"start":{"line":7,"column":15},"end":{"line":7,"column":28}},"loc":{"start":{"line":7,"column":28},"end":{"line":12,"column":1}}},"1":{"name":"isCurrentEventActive","decl":{"start":{"line":16,"column":15},"end":{"line":16,"column":35}},"loc":{"start":{"line":16,"column":35},"end":{"line":25,"column":1}}}},"branchMap":{"0":{"loc":{"start":{"line":9,"column":2},"end":{"line":9,"column":36}},"type":"if","locations":[{"start":{"line":9,"column":2},"end":{"line":9,"column":36}}]},"1":{"loc":{"start":{"line":18,"column":2},"end":{"line":18,"column":27}},"type":"if","locations":[{"start":{"line":18,"column":2},"end":{"line":18,"column":27}}]},"2":{"loc":{"start":{"line":24,"column":9},"end":{"line":24,"column":64}},"type":"binary-expr","locations":[{"start":{"line":24,"column":9},"end":{"line":24,"column":35}},{"start":{"line":24,"column":39},"end":{"line":24,"column":64}}]}},"s":{"0":1,"1":1,"2":1,"3":1,"4":0,"5":0,"6":0,"7":0,"8":0,"9":0,"10":0,"11":0,"12":0,"13":0,"14":0,"15":1,"16":1},"f":{"0":0,"1":0},"b":{"0":[0],"1":[0],"2":[0,0]}}
,"/home/amandax/Documents/projetos-full-stack/drivent/src/services/hotels-service/index.ts": {"path":"/home/amandax/Documents/projetos-full-stack/drivent/src/services/hotels-service/index.ts","statementMap":{"0":{"start":{"line":1,"column":0},"end":{"line":1,"column":62}},"1":{"start":{"line":2,"column":0},"end":{"line":2,"column":68}},"2":{"start":{"line":3,"column":0},"end":{"line":3,"column":97}},"3":{"start":{"line":4,"column":0},"end":{"line":4,"column":73}},"4":{"start":{"line":7,"column":23},"end":{"line":7,"column":54}},"5":{"start":{"line":8,"column":4},"end":{"line":8,"column":43}},"6":{"start":{"line":8,"column":21},"end":{"line":8,"column":43}},"7":{"start":{"line":9,"column":19},"end":{"line":9,"column":68}},"8":{"start":{"line":10,"column":4},"end":{"line":10,"column":39}},"9":{"start":{"line":10,"column":17},"end":{"line":10,"column":39}},"10":{"start":{"line":11,"column":23},"end":{"line":11,"column":65}},"11":{"start":{"line":13,"column":4},"end":{"line":15,"column":75}},"12":{"start":{"line":15,"column":47},"end":{"line":15,"column":75}},"13":{"start":{"line":17,"column":19},"end":{"line":17,"column":53}},"14":{"start":{"line":18,"column":4},"end":{"line":18,"column":51}},"15":{"start":{"line":18,"column":29},"end":{"line":18,"column":51}},"16":{"start":{"line":19,"column":4},"end":{"line":19,"column":18}},"17":{"start":{"line":6,"column":0},"end":{"line":6,"column":7}},"18":{"start":{"line":23,"column":23},"end":{"line":23,"column":54}},"19":{"start":{"line":24,"column":4},"end":{"line":24,"column":43}},"20":{"start":{"line":24,"column":21},"end":{"line":24,"column":43}},"21":{"start":{"line":25,"column":19},"end":{"line":25,"column":68}},"22":{"start":{"line":26,"column":4},"end":{"line":26,"column":39}},"23":{"start":{"line":26,"column":17},"end":{"line":26,"column":39}},"24":{"start":{"line":28,"column":23},"end":{"line":28,"column":65}},"25":{"start":{"line":30,"column":4},"end":{"line":32,"column":75}},"26":{"start":{"line":32,"column":47},"end":{"line":32,"column":75}},"27":{"start":{"line":34,"column":18},"end":{"line":34,"column":62}},"28":{"start":{"line":35,"column":4},"end":{"line":35,"column":38}},"29":{"start":{"line":35,"column":16},"end":{"line":35,"column":38}},"30":{"start":{"line":37,"column":18},"end":{"line":37,"column":63}},"31":{"start":{"line":39,"column":19},"end":{"line":42,"column":6}},"32":{"start":{"line":43,"column":4},"end":{"line":43,"column":18}},"33":{"start":{"line":22,"column":0},"end":{"line":22,"column":7}}},"fnMap":{"0":{"name":"getHotels","decl":{"start":{"line":6,"column":22},"end":{"line":6,"column":31}},"loc":{"start":{"line":6,"column":46},"end":{"line":20,"column":1}}},"1":{"name":"getHotelById","decl":{"start":{"line":22,"column":22},"end":{"line":22,"column":34}},"loc":{"start":{"line":22,"column":66},"end":{"line":44,"column":1}}}},"branchMap":{"0":{"loc":{"start":{"line":8,"column":4},"end":{"line":8,"column":43}},"type":"if","locations":[{"start":{"line":8,"column":4},"end":{"line":8,"column":43}}]},"1":{"loc":{"start":{"line":10,"column":4},"end":{"line":10,"column":39}},"type":"if","locations":[{"start":{"line":10,"column":4},"end":{"line":10,"column":39}}]},"2":{"loc":{"start":{"line":13,"column":4},"end":{"line":15,"column":75}},"type":"if","locations":[{"start":{"line":13,"column":4},"end":{"line":15,"column":75}}]},"3":{"loc":{"start":{"line":13,"column":8},"end":{"line":15,"column":45}},"type":"binary-expr","locations":[{"start":{"line":13,"column":8},"end":{"line":13,"column":36}},{"start":{"line":14,"column":11},"end":{"line":14,"column":39}},{"start":{"line":15,"column":11},"end":{"line":15,"column":45}}]},"4":{"loc":{"start":{"line":18,"column":4},"end":{"line":18,"column":51}},"type":"if","locations":[{"start":{"line":18,"column":4},"end":{"line":18,"column":51}}]},"5":{"loc":{"start":{"line":24,"column":4},"end":{"line":24,"column":43}},"type":"if","locations":[{"start":{"line":24,"column":4},"end":{"line":24,"column":43}}]},"6":{"loc":{"start":{"line":26,"column":4},"end":{"line":26,"column":39}},"type":"if","locations":[{"start":{"line":26,"column":4},"end":{"line":26,"column":39}}]},"7":{"loc":{"start":{"line":30,"column":4},"end":{"line":32,"column":75}},"type":"if","locations":[{"start":{"line":30,"column":4},"end":{"line":32,"column":75}}]},"8":{"loc":{"start":{"line":30,"column":8},"end":{"line":32,"column":45}},"type":"binary-expr","locations":[{"start":{"line":30,"column":8},"end":{"line":30,"column":36}},{"start":{"line":31,"column":11},"end":{"line":31,"column":39}},{"start":{"line":32,"column":11},"end":{"line":32,"column":45}}]},"9":{"loc":{"start":{"line":35,"column":4},"end":{"line":35,"column":38}},"type":"if","locations":[{"start":{"line":35,"column":4},"end":{"line":35,"column":38}}]}},"s":{"0":1,"1":1,"2":1,"3":1,"4":0,"5":0,"6":0,"7":0,"8":0,"9":0,"10":0,"11":0,"12":0,"13":0,"14":0,"15":0,"16":0,"17":1,"18":0,"19":0,"20":0,"21":0,"22":0,"23":0,"24":0,"25":0,"26":0,"27":0,"28":0,"29":0,"30":0,"31":0,"32":0,"33":1},"f":{"0":0,"1":0},"b":{"0":[0],"1":[0],"2":[0],"3":[0,0,0],"4":[0],"5":[0],"6":[0],"7":[0],"8":[0,0,0],"9":[0]}}
,"/home/amandax/Documents/projetos-full-stack/drivent/src/services/payments-service/index.ts": {"path":"/home/amandax/Documents/projetos-full-stack/drivent/src/services/payments-service/index.ts","statementMap":{"0":{"start":{"line":2,"column":0},"end":{"line":2,"column":72}},"1":{"start":{"line":3,"column":0},"end":{"line":3,"column":70}},"2":{"start":{"line":4,"column":0},"end":{"line":4,"column":77}},"3":{"start":{"line":5,"column":0},"end":{"line":5,"column":60}},"4":{"start":{"line":9,"column":29},"end":{"line":9,"column":87}},"5":{"start":{"line":10,"column":4},"end":{"line":12,"column":null}},"6":{"start":{"line":11,"column":8},"end":{"line":11,"column":30}},"7":{"start":{"line":14,"column":23},"end":{"line":14,"column":102}},"8":{"start":{"line":16,"column":4},"end":{"line":18,"column":null}},"9":{"start":{"line":17,"column":8},"end":{"line":17,"column":34}},"10":{"start":{"line":20,"column":20},"end":{"line":20,"column":75}},"11":{"start":{"line":21,"column":4},"end":{"line":23,"column":null}},"12":{"start":{"line":22,"column":8},"end":{"line":22,"column":30}},"13":{"start":{"line":25,"column":4},"end":{"line":25,"column":22}},"14":{"start":{"line":7,"column":0},"end":{"line":7,"column":7}},"15":{"start":{"line":30,"column":29},"end":{"line":30,"column":92}},"16":{"start":{"line":31,"column":4},"end":{"line":33,"column":null}},"17":{"start":{"line":32,"column":8},"end":{"line":32,"column":30}},"18":{"start":{"line":34,"column":23},"end":{"line":34,"column":102}},"19":{"start":{"line":36,"column":4},"end":{"line":38,"column":null}},"20":{"start":{"line":37,"column":8},"end":{"line":37,"column":34}},"21":{"start":{"line":39,"column":23},"end":{"line":39,"column":93}},"22":{"start":{"line":41,"column":4},"end":{"line":41,"column":62}},"23":{"start":{"line":44,"column":17},"end":{"line":49,"column":null}},"24":{"start":{"line":51,"column":4},"end":{"line":51,"column":55}},"25":{"start":{"line":52,"column":20},"end":{"line":52,"column":80}},"26":{"start":{"line":53,"column":4},"end":{"line":53,"column":22}},"27":{"start":{"line":28,"column":0},"end":{"line":28,"column":7}}},"fnMap":{"0":{"name":"getUserTicketPayment","decl":{"start":{"line":7,"column":22},"end":{"line":7,"column":42}},"loc":{"start":{"line":7,"column":76},"end":{"line":26,"column":1}}},"1":{"name":"createTicketPayment","decl":{"start":{"line":28,"column":22},"end":{"line":28,"column":41}},"loc":{"start":{"line":28,"column":83},"end":{"line":54,"column":1}}}},"branchMap":{"0":{"loc":{"start":{"line":10,"column":4},"end":{"line":12,"column":null}},"type":"if","locations":[{"start":{"line":10,"column":4},"end":{"line":12,"column":null}}]},"1":{"loc":{"start":{"line":16,"column":4},"end":{"line":18,"column":null}},"type":"if","locations":[{"start":{"line":16,"column":4},"end":{"line":18,"column":null}}]},"2":{"loc":{"start":{"line":21,"column":4},"end":{"line":23,"column":null}},"type":"if","locations":[{"start":{"line":21,"column":4},"end":{"line":23,"column":null}}]},"3":{"loc":{"start":{"line":31,"column":4},"end":{"line":33,"column":null}},"type":"if","locations":[{"start":{"line":31,"column":4},"end":{"line":33,"column":null}}]},"4":{"loc":{"start":{"line":36,"column":4},"end":{"line":38,"column":null}},"type":"if","locations":[{"start":{"line":36,"column":4},"end":{"line":38,"column":null}}]}},"s":{"0":1,"1":1,"2":1,"3":1,"4":0,"5":0,"6":0,"7":0,"8":0,"9":0,"10":0,"11":0,"12":0,"13":0,"14":1,"15":0,"16":0,"17":0,"18":0,"19":0,"20":0,"21":0,"22":0,"23":0,"24":0,"25":0,"26":0,"27":1},"f":{"0":0,"1":0},"b":{"0":[0],"1":[0],"2":[0],"3":[0],"4":[0]}}
,"/home/amandax/Documents/projetos-full-stack/drivent/src/services/tickets-service/index.ts": {"path":"/home/amandax/Documents/projetos-full-stack/drivent/src/services/tickets-service/index.ts","statementMap":{"0":{"start":{"line":1,"column":0},"end":{"line":1,"column":58}},"1":{"start":{"line":2,"column":0},"end":{"line":2,"column":70}},"2":{"start":{"line":3,"column":0},"end":{"line":3,"column":77}},"3":{"start":{"line":6,"column":20},"end":{"line":6,"column":66}},"4":{"start":{"line":7,"column":4},"end":{"line":9,"column":null}},"5":{"start":{"line":8,"column":8},"end":{"line":8,"column":18}},"6":{"start":{"line":10,"column":4},"end":{"line":10,"column":19}},"7":{"start":{"line":5,"column":0},"end":{"line":5,"column":7}},"8":{"start":{"line":14,"column":23},"end":{"line":14,"column":75}},"9":{"start":{"line":15,"column":4},"end":{"line":15,"column":42}},"10":{"start":{"line":15,"column":20},"end":{"line":15,"column":42}},"11":{"start":{"line":17,"column":20},"end":{"line":17,"column":66}},"12":{"start":{"line":18,"column":4},"end":{"line":18,"column":22}},"13":{"start":{"line":13,"column":0},"end":{"line":13,"column":7}},"14":{"start":{"line":22,"column":4},"end":{"line":22,"column":null}},"15":{"start":{"line":22,"column":23},"end":{"line":22,"column":null}},"16":{"start":{"line":23,"column":23},"end":{"line":23,"column":75}},"17":{"start":{"line":24,"column":4},"end":{"line":24,"column":43}},"18":{"start":{"line":24,"column":21},"end":{"line":24,"column":43}},"19":{"start":{"line":25,"column":4},"end":{"line":25,"column":77}},"20":{"start":{"line":21,"column":0},"end":{"line":21,"column":7}}},"fnMap":{"0":{"name":"getAllTypesOfTickets","decl":{"start":{"line":5,"column":22},"end":{"line":5,"column":42}},"loc":{"start":{"line":5,"column":42},"end":{"line":11,"column":1}}},"1":{"name":"getUserTickets","decl":{"start":{"line":13,"column":22},"end":{"line":13,"column":36}},"loc":{"start":{"line":13,"column":52},"end":{"line":19,"column":1}}},"2":{"name":"createTicket","decl":{"start":{"line":21,"column":22},"end":{"line":21,"column":34}},"loc":{"start":{"line":21,"column":72},"end":{"line":26,"column":1}}}},"branchMap":{"0":{"loc":{"start":{"line":7,"column":4},"end":{"line":9,"column":null}},"type":"if","locations":[{"start":{"line":7,"column":4},"end":{"line":9,"column":null}}]},"1":{"loc":{"start":{"line":15,"column":4},"end":{"line":15,"column":42}},"type":"if","locations":[{"start":{"line":15,"column":4},"end":{"line":15,"column":42}}]},"2":{"loc":{"start":{"line":22,"column":4},"end":{"line":22,"column":null}},"type":"if","locations":[{"start":{"line":22,"column":4},"end":{"line":22,"column":null}}]},"3":{"loc":{"start":{"line":24,"column":4},"end":{"line":24,"column":43}},"type":"if","locations":[{"start":{"line":24,"column":4},"end":{"line":24,"column":43}}]}},"s":{"0":1,"1":1,"2":1,"3":0,"4":0,"5":0,"6":0,"7":1,"8":0,"9":0,"10":0,"11":0,"12":0,"13":1,"14":0,"15":0,"16":0,"17":0,"18":0,"19":0,"20":1},"f":{"0":0,"1":0,"2":0},"b":{"0":[0],"1":[0],"2":[0],"3":[0]}}
,"/home/amandax/Documents/projetos-full-stack/drivent/src/services/users-service/errors.ts": {"path":"/home/amandax/Documents/projetos-full-stack/drivent/src/services/users-service/errors.ts","statementMap":{"0":{"start":{"line":4,"column":2},"end":{"line":7,"column":4}},"1":{"start":{"line":3,"column":0},"end":{"line":3,"column":16}}},"fnMap":{"0":{"name":"duplicatedEmailError","decl":{"start":{"line":3,"column":16},"end":{"line":3,"column":36}},"loc":{"start":{"line":3,"column":36},"end":{"line":8,"column":1}}}},"branchMap":{},"s":{"0":0,"1":1},"f":{"0":0},"b":{}}
,"/home/amandax/Documents/projetos-full-stack/drivent/src/services/users-service/index.ts": {"path":"/home/amandax/Documents/projetos-full-stack/drivent/src/services/users-service/index.ts","statementMap":{"0":{"start":{"line":2,"column":0},"end":{"line":2,"column":28}},"1":{"start":{"line":3,"column":0},"end":{"line":3,"column":46}},"2":{"start":{"line":4,"column":0},"end":{"line":4,"column":48}},"3":{"start":{"line":5,"column":0},"end":{"line":5,"column":60}},"4":{"start":{"line":6,"column":0},"end":{"line":6,"column":60}},"5":{"start":{"line":9,"column":2},"end":{"line":9,"column":26}},"6":{"start":{"line":11,"column":2},"end":{"line":11,"column":41}},"7":{"start":{"line":13,"column":25},"end":{"line":13,"column":56}},"8":{"start":{"line":14,"column":2},"end":{"line":17,"column":5}},"9":{"start":{"line":8,"column":0},"end":{"line":8,"column":7}},"10":{"start":{"line":21,"column":28},"end":{"line":21,"column":67}},"11":{"start":{"line":22,"column":2},"end":{"line":24,"column":null}},"12":{"start":{"line":23,"column":4},"end":{"line":23,"column":33}},"13":{"start":{"line":28,"column":20},"end":{"line":28,"column":62}},"14":{"start":{"line":29,"column":2},"end":{"line":31,"column":null}},"15":{"start":{"line":30,"column":4},"end":{"line":30,"column":45}},"16":{"start":{"line":36,"column":20},"end":{"line":38,"column":2}},"17":{"start":{"line":40,"column":0},"end":{"line":40,"column":25}},"18":{"start":{"line":41,"column":0},"end":{"line":41,"column":27}}},"fnMap":{"0":{"name":"createUser","decl":{"start":{"line":8,"column":22},"end":{"line":8,"column":32}},"loc":{"start":{"line":8,"column":70},"end":{"line":18,"column":1}}},"1":{"name":"validateUniqueEmailOrFail","decl":{"start":{"line":20,"column":15},"end":{"line":20,"column":40}},"loc":{"start":{"line":20,"column":54},"end":{"line":25,"column":1}}},"2":{"name":"canEnrollOrFail","decl":{"start":{"line":27,"column":15},"end":{"line":27,"column":30}},"loc":{"start":{"line":27,"column":30},"end":{"line":32,"column":1}}}},"branchMap":{"0":{"loc":{"start":{"line":22,"column":2},"end":{"line":24,"column":null}},"type":"if","locations":[{"start":{"line":22,"column":2},"end":{"line":24,"column":null}}]},"1":{"loc":{"start":{"line":29,"column":2},"end":{"line":31,"column":null}},"type":"if","locations":[{"start":{"line":29,"column":2},"end":{"line":31,"column":null}}]}},"s":{"0":1,"1":1,"2":1,"3":1,"4":1,"5":0,"6":0,"7":0,"8":0,"9":1,"10":0,"11":0,"12":0,"13":0,"14":0,"15":0,"16":1,"17":1,"18":1},"f":{"0":0,"1":0,"2":0},"b":{"0":[0],"1":[0]}}
,"/home/amandax/Documents/projetos-full-stack/drivent/src/utils/prisma-utils.ts": {"path":"/home/amandax/Documents/projetos-full-stack/drivent/src/utils/prisma-utils.ts","statementMap":{"0":{"start":{"line":2,"column":20},"end":{"line":2,"column":54}},"1":{"start":{"line":3,"column":2},"end":{"line":5,"column":null}},"2":{"start":{"line":4,"column":4},"end":{"line":4,"column":26}},"3":{"start":{"line":6,"column":2},"end":{"line":6,"column":19}},"4":{"start":{"line":1,"column":0},"end":{"line":1,"column":16}}},"fnMap":{"0":{"name":"exclude","decl":{"start":{"line":1,"column":16},"end":{"line":1,"column":23}},"loc":{"start":{"line":1,"column":73},"end":{"line":7,"column":1}}}},"branchMap":{},"s":{"0":0,"1":0,"2":0,"3":0,"4":1},"f":{"0":0},"b":{}}
,"/home/amandax/Documents/projetos-full-stack/drivent/src/utils/request.ts": {"path":"/home/amandax/Documents/projetos-full-stack/drivent/src/utils/request.ts","statementMap":{"0":{"start":{"line":1,"column":0},"end":{"line":1,"column":26}},"1":{"start":{"line":2,"column":0},"end":{"line":2,"column":40}},"2":{"start":{"line":5,"column":2},"end":{"line":12,"column":null}},"3":{"start":{"line":6,"column":19},"end":{"line":6,"column":39}},"4":{"start":{"line":7,"column":4},"end":{"line":7,"column":18}},"5":{"start":{"line":9,"column":35},"end":{"line":9,"column":49}},"6":{"start":{"line":11,"column":4},"end":{"line":11,"column":44}},"7":{"start":{"line":15,"column":13},"end":{"line":17,"column":2}}},"fnMap":{"0":{"name":"get","decl":{"start":{"line":4,"column":15},"end":{"line":4,"column":18}},"loc":{"start":{"line":4,"column":30},"end":{"line":13,"column":1}}}},"branchMap":{},"s":{"0":1,"1":1,"2":0,"3":0,"4":0,"5":0,"6":0,"7":1},"f":{"0":0},"b":{}}
}
