TN:
SF:src/app.ts
FN:26,(anonymous_1)
FN:37,init
FN:42,close
FNF:3
FNH:2
FNDA:1,(anonymous_1)
FNDA:10,init
FNDA:0,close
DA:1,10
DA:2,10
DA:3,10
DA:4,10
DA:6,10
DA:8,10
DA:10,10
DA:11,10
DA:22,10
DA:23,10
DA:26,1
DA:37,10
DA:38,10
DA:39,10
DA:42,10
DA:43,0
DA:46,10
LF:17
LH:16
BRF:0
BRH:0
end_of_record
TN:
SF:src/server.ts
FN:5,(anonymous_6)
FN:6,(anonymous_7)
FNF:2
FNH:0
FNDA:0,(anonymous_6)
FNDA:0,(anonymous_7)
DA:1,0
DA:3,0
DA:5,0
DA:6,0
DA:8,0
LF:5
LH:0
BRDA:3,0,0,0
BRDA:3,0,1,0
BRF:2
BRH:0
end_of_record
TN:
SF:src/config/database.ts
FN:4,connectDb
FN:8,disconnectDB
FNF:2
FNH:1
FNDA:10,connectDb
FNDA:0,disconnectDB
DA:1,14
DA:4,14
DA:5,10
DA:8,14
DA:9,0
LF:5
LH:4
BRF:0
BRH:0
end_of_record
TN:
SF:src/config/envs.ts
FN:4,loadEnv
FNF:1
FNH:1
FNDA:24,loadEnv
DA:1,14
DA:2,14
DA:4,14
DA:6,24
DA:12,24
DA:13,24
LF:6
LH:6
BRDA:6,0,0,24
BRDA:6,0,1,0
BRDA:8,1,0,0
BRDA:8,1,1,0
BRF:4
BRH:1
end_of_record
TN:
SF:src/config/index.ts
FNF:0
FNH:0
DA:1,14
DA:2,14
LF:2
LH:2
BRF:0
BRH:0
end_of_record
TN:
SF:src/controllers/authentication-controller.ts
FN:5,singInPost
FNF:1
FNH:1
FNDA:5,singInPost
DA:2,10
DA:3,10
DA:5,10
DA:6,5
DA:8,5
DA:9,5
DA:11,3
DA:13,2
LF:8
LH:8
BRF:0
BRH:0
end_of_record
TN:
SF:src/controllers/bookings-controller.ts
FN:6,createBooking
FN:33,updateBooking
FN:61,getBooking
FNF:3
FNH:0
FNDA:0,createBooking
FNDA:0,updateBooking
FNDA:0,getBooking
DA:1,10
DA:2,10
DA:6,10
DA:7,0
DA:8,0
DA:9,0
DA:14,0
DA:15,0
DA:16,0
DA:19,0
DA:20,0
DA:22,0
DA:23,0
DA:25,0
DA:26,0
DA:28,0
DA:29,0
DA:33,10
DA:34,0
DA:35,0
DA:36,0
DA:37,0
DA:42,0
DA:43,0
DA:44,0
DA:47,0
DA:48,0
DA:50,0
DA:51,0
DA:53,0
DA:54,0
DA:56,0
DA:57,0
DA:61,10
DA:62,0
DA:64,0
DA:65,0
DA:66,0
DA:69,0
DA:70,0
DA:72,0
DA:73,0
DA:75,0
DA:76,0
DA:78,0
DA:79,0
LF:46
LH:5
BRDA:19,0,0,0
BRDA:22,1,0,0
BRDA:25,2,0,0
BRDA:47,3,0,0
BRDA:50,4,0,0
BRDA:53,5,0,0
BRDA:69,6,0,0
BRDA:72,7,0,0
BRDA:75,8,0,0
BRF:9
BRH:0
end_of_record
TN:
SF:src/controllers/enrollments-controller.ts
FN:6,getEnrollmentByUser
FN:18,postCreateOrUpdateEnrollment
FN:31,getAddressFromCEP
FNF:3
FNH:3
FNDA:2,getEnrollmentByUser
FNDA:2,postCreateOrUpdateEnrollment
FNDA:2,getAddressFromCEP
DA:2,10
DA:4,10
DA:6,10
DA:7,2
DA:9,2
DA:10,2
DA:12,1
DA:14,1
DA:18,10
DA:19,2
DA:20,2
DA:25,0
DA:27,1
DA:31,10
DA:32,2
DA:34,2
DA:35,2
DA:36,0
DA:38,2
DA:39,0
LF:20
LH:17
BRDA:38,0,0,0
BRF:1
BRH:0
end_of_record
TN:
SF:src/controllers/events-controller.ts
FN:5,getDefaultEvent
FNF:1
FNH:1
FNDA:2,getDefaultEvent
DA:2,10
DA:3,10
DA:5,10
DA:6,2
DA:7,2
DA:8,1
DA:10,1
LF:7
LH:7
BRF:0
BRH:0
end_of_record
TN:
SF:src/controllers/hotels-controller.ts
FN:6,getHotels
FN:25,getHotelById
FNF:2
FNH:2
FNDA:7,getHotels
FNDA:9,getHotelById
DA:3,10
DA:4,10
DA:6,10
DA:7,7
DA:9,7
DA:10,7
DA:11,1
DA:14,6
DA:15,3
DA:17,3
DA:18,3
DA:20,0
DA:21,0
DA:25,10
DA:26,9
DA:27,9
DA:29,9
DA:30,9
DA:31,9
DA:33,7
DA:34,7
DA:35,1
DA:38,6
DA:39,3
DA:41,3
DA:42,3
DA:44,0
DA:45,0
LF:28
LH:24
BRDA:14,0,0,3
BRDA:17,1,0,3
BRDA:29,2,0,0
BRDA:31,3,0,2
BRDA:38,4,0,3
BRDA:41,5,0,3
BRF:6
BRH:5
end_of_record
TN:
SF:src/controllers/index.ts
FNF:0
FNH:0
DA:1,10
DA:2,10
DA:3,10
DA:4,10
DA:5,10
DA:6,10
DA:7,10
LF:7
LH:7
BRF:0
BRH:0
end_of_record
TN:
SF:src/controllers/payments-controller.ts
FN:7,getUserTicketPayment
FN:33,createTicketPayment
FNF:2
FNH:2
FNDA:4,getUserTicketPayment
FNDA:7,createTicketPayment
DA:3,10
DA:4,10
DA:7,10
DA:8,4
DA:9,4
DA:11,4
DA:12,4
DA:13,1
DA:15,3
DA:16,1
DA:19,2
DA:20,0
DA:22,2
DA:23,1
DA:25,1
DA:26,1
DA:28,0
DA:29,0
DA:33,10
DA:34,7
DA:35,7
DA:37,7
DA:38,7
DA:39,2
DA:41,5
DA:42,3
DA:45,2
DA:46,1
DA:48,1
DA:49,1
DA:51,0
DA:52,0
LF:32
LH:27
BRDA:12,0,0,1
BRDA:19,1,0,0
BRDA:22,2,0,1
BRDA:25,3,0,1
BRDA:38,4,0,2
BRDA:38,5,0,7
BRDA:38,5,1,6
BRDA:45,6,0,1
BRDA:48,7,0,1
BRF:9
BRH:8
end_of_record
TN:
SF:src/controllers/tickets-controller.ts
FN:6,getAllTypesOfTickets
FN:16,getUserTickets
FN:36,createTicket
FNF:3
FNH:3
FNDA:2,getAllTypesOfTickets
FNDA:3,getUserTickets
FNDA:4,createTicket
DA:1,10
DA:2,10
DA:6,10
DA:7,2
DA:8,2
DA:9,2
DA:11,0
DA:12,0
DA:16,10
DA:17,3
DA:19,3
DA:20,3
DA:21,2
DA:22,1
DA:25,1
DA:28,1
DA:29,1
DA:31,0
DA:32,0
DA:36,10
DA:37,4
DA:38,4
DA:40,4
DA:41,4
DA:42,2
DA:43,2
DA:45,2
DA:46,1
DA:48,1
DA:49,1
DA:51,0
DA:52,0
LF:32
LH:26
BRDA:21,0,0,1
BRDA:28,1,0,1
BRDA:45,2,0,1
BRDA:48,3,0,1
BRF:4
BRH:4
end_of_record
TN:
SF:src/controllers/users-controller.ts
FN:5,usersPost
FNF:1
FNH:1
FNDA:6,usersPost
DA:2,10
DA:3,10
DA:5,10
DA:6,6
DA:8,6
DA:9,6
DA:10,3
DA:15,3
DA:16,1
DA:18,2
LF:10
LH:10
BRDA:15,0,0,1
BRF:1
BRH:1
end_of_record
TN:
SF:src/errors/bad-request-error.ts
FN:3,badRequestError
FNF:1
FNH:1
FNDA:1,badRequestError
DA:3,11
DA:4,1
LF:2
LH:2
BRF:0
BRH:0
end_of_record
TN:
SF:src/errors/cannot-enroll-before-start-date-error.ts
FN:3,cannotEnrollBeforeStartDateError
FNF:1
FNH:1
FNDA:2,cannotEnrollBeforeStartDateError
DA:3,11
DA:4,2
LF:2
LH:2
BRF:0
BRH:0
end_of_record
TN:
SF:src/errors/cannot-list-hotels-error.ts
FN:3,cannotListHotelsError
FNF:1
FNH:0
FNDA:0,cannotListHotelsError
DA:3,0
DA:4,0
LF:2
LH:0
BRF:0
BRH:0
end_of_record
TN:
SF:src/errors/conflict-error.ts
FN:3,conflictError
FNF:1
FNH:0
FNDA:0,conflictError
DA:3,11
DA:4,0
LF:2
LH:1
BRF:0
BRH:0
end_of_record
TN:
SF:src/errors/forbidden-error.ts
FN:3,forbiddenError
FNF:1
FNH:1
FNDA:1,forbiddenError
DA:3,11
DA:4,1
LF:2
LH:2
BRF:0
BRH:0
end_of_record
TN:
SF:src/errors/index.ts
FNF:0
FNH:0
DA:1,11
DA:2,11
DA:3,11
DA:4,11
DA:5,11
DA:6,11
DA:7,11
DA:8,11
DA:9,11
DA:10,11
LF:10
LH:10
BRF:0
BRH:0
end_of_record
TN:
SF:src/errors/invalid-data-error.ts
FN:3,invalidDataError
FNF:1
FNH:1
FNDA:7,invalidDataError
DA:3,11
DA:4,7
LF:2
LH:2
BRF:0
BRH:0
end_of_record
TN:
SF:src/errors/invalid-email-error.ts
FN:3,invalidEmailError
FNF:1
FNH:0
FNDA:0,invalidEmailError
DA:3,11
DA:4,0
LF:2
LH:1
BRF:0
BRH:0
end_of_record
TN:
SF:src/errors/not-found-error.ts
FN:3,notFoundError
FNF:1
FNH:1
FNDA:12,notFoundError
DA:3,11
DA:4,12
LF:2
LH:2
BRF:0
BRH:0
end_of_record
TN:
SF:src/errors/payment-required-error.ts
FN:3,paymentRquiredError
FNF:1
FNH:1
FNDA:6,paymentRquiredError
DA:3,11
DA:4,6
LF:2
LH:2
BRF:0
BRH:0
end_of_record
TN:
SF:src/errors/request-error.ts
FN:3,requestError
FNF:1
FNH:0
FNDA:0,requestError
DA:3,11
DA:4,0
LF:2
LH:1
BRF:0
BRH:0
end_of_record
TN:
SF:src/errors/unauthorized-error.ts
FN:3,unauthorizedError
FNF:1
FNH:1
FNDA:30,unauthorizedError
DA:3,11
DA:4,30
LF:2
LH:2
BRF:0
BRH:0
end_of_record
TN:
SF:src/middlewares/authentication-middleware.ts
FN:8,authenticateToken
FN:33,generateUnauthorizedResponse
FNF:2
FNH:2
FNDA:87,authenticateToken
FNDA:28,generateUnauthorizedResponse
DA:2,10
DA:3,10
DA:5,10
DA:6,10
DA:8,10
DA:9,87
DA:10,87
DA:12,77
DA:13,77
DA:15,77
DA:16,77
DA:18,68
DA:23,68
DA:25,59
DA:27,59
DA:29,9
DA:34,28
LF:17
LH:17
BRDA:10,0,0,10
BRDA:13,1,0,0
BRDA:23,2,0,9
BRF:3
BRH:2
end_of_record
TN:
SF:src/middlewares/error-handling-middleware.ts
FN:5,handleApplicationErrors
FNF:1
FNH:0
FNDA:0,handleApplicationErrors
DA:2,10
DA:5,10
DA:11,0
DA:12,0
DA:17,0
DA:18,0
DA:23,0
DA:24,0
DA:29,0
DA:30,0
DA:35,0
DA:36,0
DA:42,0
DA:43,0
LF:14
LH:2
BRDA:11,0,0,0
BRDA:17,1,0,0
BRDA:17,2,0,0
BRDA:17,2,1,0
BRDA:23,3,0,0
BRDA:29,4,0,0
BRDA:35,5,0,0
BRF:7
BRH:0
end_of_record
TN:
SF:src/middlewares/index.ts
FNF:0
FNH:0
DA:1,10
DA:2,10
DA:3,10
LF:3
LH:3
BRF:0
BRH:0
end_of_record
TN:
SF:src/middlewares/validation-middleware.ts
FN:6,validateBody
FN:10,validateParams
FN:14,validate
FN:15,(anonymous_4)
FN:23,(anonymous_5)
FNF:5
FNH:4
FNDA:30,validateBody
FNDA:0,validateParams
FNDA:30,validate
FNDA:20,(anonymous_4)
FNDA:23,(anonymous_5)
DA:2,10
DA:4,10
DA:6,10
DA:7,30
DA:10,10
DA:11,0
DA:15,30
DA:16,20
DA:20,20
DA:21,13
DA:23,23
LF:11
LH:10
BRDA:20,0,0,13
BRDA:20,0,1,7
BRF:2
BRH:2
end_of_record
TN:
SF:src/repositories/address-repository/index.ts
FN:4,upsert
FNF:1
FNH:0
FNDA:0,upsert
DA:2,10
DA:5,0
DA:20,10
DA:24,10
LF:4
LH:3
BRF:0
BRH:0
end_of_record
TN:
SF:src/repositories/booking-repository/index.ts
FN:3,createBooking
FN:12,getRoomAndItsBookings
FN:23,getBookingWithRoomData
FN:35,updateBooking
FNF:4
FNH:0
FNDA:0,createBooking
FNDA:0,getRoomAndItsBookings
FNDA:0,getBookingWithRoomData
FNDA:0,updateBooking
DA:1,11
DA:3,11
DA:4,0
DA:12,11
DA:13,0
DA:23,11
DA:24,0
DA:35,11
DA:36,0
LF:9
LH:5
BRF:0
BRH:0
end_of_record
TN:
SF:src/repositories/enrollment-repository/index.ts
FN:4,findWithAddressByUserId
FN:13,upsert
FN:27,getUserEnrollment
FN:35,getUserEnrollmentById
FNF:4
FNH:3
FNDA:2,findWithAddressByUserId
FNDA:0,upsert
FNDA:22,getUserEnrollment
FNDA:6,getUserEnrollmentById
DA:2,10
DA:4,10
DA:5,2
DA:13,10
DA:18,0
DA:27,10
DA:28,22
DA:35,10
DA:36,6
LF:9
LH:8
BRF:0
BRH:0
end_of_record
TN:
SF:src/repositories/event-repository/index.ts
FN:3,findFirst
FNF:1
FNH:1
FNDA:11,findFirst
DA:1,10
DA:4,11
DA:7,10
DA:11,10
LF:4
LH:4
BRF:0
BRH:0
end_of_record
TN:
SF:src/repositories/hotel-repository/index.ts
FN:4,getHotels
FN:12,getHotelById
FN:20,getHotelRooms
FNF:3
FNH:3
FNDA:1,getHotels
FNDA:2,getHotelById
FNDA:1,getHotelRooms
DA:1,10
DA:4,10
DA:5,1
DA:12,10
DA:13,2
DA:20,10
DA:21,1
LF:7
LH:7
BRF:0
BRH:0
end_of_record
TN:
SF:src/repositories/payment-repository/index.ts
FN:4,getUserTicketPayment
FN:13,createTicketPayment
FNF:2
FNH:2
FNDA:4,getUserTicketPayment
FNDA:3,createTicketPayment
DA:1,10
DA:4,10
DA:5,4
DA:13,10
DA:14,3
LF:5
LH:5
BRF:0
BRH:0
end_of_record
TN:
SF:src/repositories/session-repository/index.ts
FN:4,create
FNF:1
FNH:1
FNDA:5,create
DA:2,10
DA:5,5
DA:10,10
DA:14,10
LF:4
LH:4
BRF:0
BRH:0
end_of_record
TN:
SF:src/repositories/ticket-repository/index.ts
FN:4,getAllTypesOfTickets
FN:9,getUserTickets
FN:22,getUserTicketsByTicketId
FN:30,getUserTicketsByEnrollmentId
FN:38,createTicket
FN:48,updateTicketStatus
FN:59,getUserTicketPayment
FN:67,getTicketByType
FNF:8
FNH:7
FNDA:2,getAllTypesOfTickets
FNDA:4,getUserTickets
FNDA:8,getUserTicketsByTicketId
FNDA:11,getUserTicketsByEnrollmentId
FNDA:2,createTicket
FNDA:3,updateTicketStatus
FNDA:0,getUserTicketPayment
FNDA:12,getTicketByType
DA:1,11
DA:4,11
DA:5,2
DA:9,11
DA:10,4
DA:22,11
DA:23,8
DA:30,11
DA:31,11
DA:38,11
DA:39,2
DA:48,11
DA:49,3
DA:59,11
DA:60,0
DA:67,11
DA:68,12
LF:17
LH:16
BRF:0
BRH:0
end_of_record
TN:
SF:src/repositories/user-repository/index.ts
FN:4,findByEmail
FN:18,create
FNF:2
FNH:2
FNDA:16,findByEmail
FNDA:5,create
DA:2,10
DA:5,16
DA:11,16
DA:12,9
DA:15,16
DA:19,5
DA:24,10
DA:29,10
LF:8
LH:8
BRDA:11,0,0,9
BRF:1
BRH:1
end_of_record
TN:
SF:src/routers/authentication-router.ts
FNF:0
FNH:0
DA:1,10
DA:2,10
DA:3,10
DA:4,10
DA:6,10
DA:8,10
DA:10,10
LF:7
LH:7
BRF:0
BRH:0
end_of_record
TN:
SF:src/routers/bookings-router.ts
FNF:0
FNH:0
DA:1,10
DA:2,10
DA:3,10
DA:6,10
DA:8,10
DA:9,10
DA:10,10
DA:11,10
LF:8
LH:8
BRF:0
BRH:0
end_of_record
TN:
SF:src/routers/enrollments-router.ts
FNF:0
FNH:0
DA:1,10
DA:2,10
DA:3,10
DA:4,10
DA:6,10
DA:8,10
DA:14,10
LF:7
LH:7
BRF:0
BRH:0
end_of_record
TN:
SF:src/routers/events-router.ts
FNF:0
FNH:0
DA:1,10
DA:2,10
DA:4,10
DA:6,10
DA:8,10
LF:5
LH:5
BRF:0
BRH:0
end_of_record
TN:
SF:src/routers/hotels-router.ts
FNF:0
FNH:0
DA:1,10
DA:2,10
DA:3,10
DA:5,10
DA:7,10
DA:8,10
DA:9,10
DA:11,10
LF:8
LH:8
BRF:0
BRH:0
end_of_record
TN:
SF:src/routers/index.ts
FNF:0
FNH:0
DA:1,10
DA:2,10
DA:3,10
DA:4,10
DA:5,10
DA:6,10
DA:7,10
DA:8,10
LF:8
LH:8
BRF:0
BRH:0
end_of_record
TN:
SF:src/routers/payments-router.ts
FNF:0
FNH:0
DA:1,10
DA:2,10
DA:3,10
DA:5,10
DA:7,10
DA:8,10
DA:9,10
DA:11,10
LF:8
LH:8
BRF:0
BRH:0
end_of_record
TN:
SF:src/routers/tickets-router.ts
FNF:0
FNH:0
DA:1,10
DA:2,10
DA:3,10
DA:5,10
DA:7,10
DA:8,10
DA:9,10
DA:10,10
DA:12,10
LF:9
LH:9
BRF:0
BRH:0
end_of_record
TN:
SF:src/routers/users-router.ts
FNF:0
FNH:0
DA:1,10
DA:3,10
DA:4,10
DA:5,10
DA:7,10
DA:9,10
DA:11,10
LF:7
LH:7
BRF:0
BRH:0
end_of_record
TN:
SF:src/schemas/authentication-schemas.ts
FNF:0
FNH:0
DA:1,13
DA:4,13
LF:2
LH:2
BRF:0
BRH:0
end_of_record
TN:
SF:src/schemas/bookings-schemas.ts
FNF:0
FNH:0
DA:1,0
DA:3,0
LF:2
LH:0
BRF:0
BRH:0
end_of_record
TN:
SF:src/schemas/enrollments-schemas.ts
FN:23,(anonymous_1)
FN:30,joiCpfValidation
FN:40,JoiCepValidation
FN:50,joiMobilePhoneValidation
FNF:4
FNH:4
FNDA:351,(anonymous_1)
FNDA:29,joiCpfValidation
FNDA:19,JoiCepValidation
FNDA:23,joiMobilePhoneValidation
DA:1,13
DA:2,13
DA:5,13
DA:7,13
DA:9,13
DA:11,13
DA:23,351
DA:31,29
DA:33,29
DA:34,1
DA:37,28
DA:41,19
DA:43,19
DA:44,1
DA:47,18
DA:51,23
DA:53,23
DA:54,0
DA:57,23
LF:19
LH:18
BRDA:31,0,0,0
BRDA:33,1,0,1
BRDA:41,2,0,0
BRDA:43,3,0,1
BRDA:51,4,0,0
BRDA:53,5,0,0
BRF:6
BRH:2
end_of_record
TN:
SF:src/schemas/index.ts
FNF:0
FNH:0
DA:1,13
DA:2,13
DA:3,13
LF:3
LH:3
BRF:0
BRH:0
end_of_record
TN:
SF:src/schemas/users-schemas.ts
FNF:0
FNH:0
DA:1,13
DA:4,13
LF:2
LH:2
BRF:0
BRH:0
end_of_record
TN:
SF:src/services/index.ts
FNF:0
FNH:0
DA:1,0
DA:2,0
DA:3,0
DA:4,0
LF:4
LH:0
BRF:0
BRH:0
end_of_record
TN:
SF:src/services/authentication-service/errors.ts
FN:3,invalidCredentialsError
FNF:1
FNH:1
FNDA:6,invalidCredentialsError
DA:3,10
DA:4,6
LF:2
LH:2
BRF:0
BRH:0
end_of_record
TN:
SF:src/services/authentication-service/index.ts
FN:9,signIn
FN:24,getUserOrFail
FN:31,createSession
FN:41,validatePasswordOrFail
FNF:4
FNH:4
FNDA:9,signIn
FNDA:9,getUserOrFail
FNDA:5,createSession
FNDA:7,validatePasswordOrFail
DA:2,10
DA:3,10
DA:4,10
DA:5,10
DA:6,10
DA:7,10
DA:10,9
DA:12,9
DA:14,7
DA:16,5
DA:18,5
DA:25,9
DA:26,9
DA:28,7
DA:32,5
DA:33,5
DA:38,5
DA:42,7
DA:43,7
DA:55,10
DA:59,10
DA:60,10
LF:22
LH:22
BRDA:26,0,0,2
BRDA:43,1,0,2
BRF:2
BRH:2
end_of_record
TN:
SF:src/services/bookings-service/index.ts
FN:5,createBooking
FN:21,updateBooking
FN:33,getBooking
FNF:3
FNH:1
FNDA:1,createBooking
FNDA:0,updateBooking
FNDA:0,getBooking
DA:1,11
DA:2,11
DA:3,11
DA:5,11
DA:6,1
DA:7,1
DA:9,1
DA:10,1
DA:13,0
DA:14,0
DA:16,0
DA:18,0
DA:21,11
DA:22,0
DA:23,0
DA:25,0
DA:26,0
DA:28,0
DA:30,0
DA:33,11
DA:34,0
DA:35,0
DA:36,0
LF:23
LH:10
BRDA:9,0,0,1
BRDA:9,1,0,1
BRDA:9,1,1,0
BRDA:9,1,2,0
BRDA:14,2,0,0
BRDA:16,3,0,0
BRDA:23,4,0,0
BRDA:26,5,0,0
BRDA:28,6,0,0
BRDA:35,7,0,0
BRF:10
BRH:2
end_of_record
TN:
SF:src/services/enrollments-service/index.ts
FN:10,getAddressFromCEP
FN:25,checkCepAddress
FN:34,getOneWithAddressByUserId
FN:50,getFirstAddress
FN:58,createOrUpdateEnrollmentWithAddress
FN:70,getAddressForUpsert
FNF:6
FNH:6
FNDA:2,getAddressFromCEP
FNDA:4,checkCepAddress
FNDA:2,getOneWithAddressByUserId
FNDA:1,getFirstAddress
FNDA:2,createOrUpdateEnrollmentWithAddress
FNDA:2,getAddressForUpsert
DA:2,10
DA:3,10
DA:4,10
DA:6,10
DA:7,10
DA:11,2
DA:14,0
DA:22,0
DA:26,4
DA:28,0
DA:29,0
DA:32,0
DA:35,2
DA:37,2
DA:39,1
DA:40,1
DA:42,1
DA:51,1
DA:53,1
DA:59,2
DA:60,2
DA:63,2
DA:65,0
DA:67,0
DA:71,2
DA:81,10
DA:87,10
LF:27
LH:20
BRDA:28,0,0,0
BRDA:28,1,0,0
BRDA:28,1,1,0
BRDA:37,2,0,1
BRDA:44,3,0,1
BRDA:44,3,1,1
BRDA:51,4,0,0
BRDA:73,5,0,2
BRDA:73,5,1,2
BRF:9
BRH:5
end_of_record
TN:
SF:src/services/events-service/index.ts
FN:7,getFirstEvent
FN:16,isCurrentEventActive
FNF:2
FNH:2
FNDA:2,getFirstEvent
FNDA:9,isCurrentEventActive
DA:2,10
DA:3,10
DA:4,10
DA:5,10
DA:8,2
DA:9,2
DA:11,1
DA:17,9
DA:18,9
DA:20,8
DA:21,8
DA:22,8
DA:24,8
DA:27,10
DA:32,10
LF:15
LH:15
BRDA:9,0,0,1
BRDA:18,1,0,1
BRDA:24,2,0,8
BRDA:24,2,1,7
BRF:4
BRH:4
end_of_record
TN:
SF:src/services/hotels-service/index.ts
FN:6,getHotels
FN:22,getHotelById
FNF:2
FNH:2
FNDA:7,getHotels
FNDA:7,getHotelById
DA:1,10
DA:2,10
DA:3,10
DA:4,10
DA:6,10
DA:7,7
DA:8,7
DA:9,5
DA:10,5
DA:11,4
DA:13,4
DA:15,3
DA:17,1
DA:18,1
DA:19,1
DA:22,10
DA:23,7
DA:24,7
DA:25,6
DA:26,6
DA:28,5
DA:30,5
DA:32,3
DA:34,2
DA:35,2
DA:37,1
DA:39,1
DA:43,1
LF:28
LH:28
BRDA:8,0,0,2
BRDA:10,1,0,1
BRDA:13,2,0,3
BRDA:13,3,0,4
BRDA:13,3,1,3
BRDA:13,3,2,1
BRDA:18,4,0,0
BRDA:24,5,0,1
BRDA:26,6,0,1
BRDA:30,7,0,3
BRDA:30,8,0,5
BRDA:30,8,1,4
BRDA:30,8,2,2
BRDA:35,9,0,1
BRF:14
BRH:13
end_of_record
TN:
SF:src/services/payments-service/index.ts
FN:7,getUserTicketPayment
FN:28,createTicketPayment
FNF:2
FNH:2
FNDA:3,getUserTicketPayment
FNDA:5,createTicketPayment
DA:2,10
DA:3,10
DA:4,10
DA:5,10
DA:7,10
DA:9,3
DA:10,3
DA:11,1
DA:14,2
DA:16,2
DA:17,1
DA:20,1
DA:21,1
DA:22,0
DA:25,1
DA:28,10
DA:30,5
DA:31,5
DA:32,1
DA:34,4
DA:36,4
DA:37,1
DA:39,3
DA:41,3
DA:44,3
DA:51,3
DA:52,3
DA:53,3
LF:28
LH:27
BRDA:10,0,0,1
BRDA:16,1,0,1
BRDA:21,2,0,0
BRDA:31,3,0,1
BRDA:36,4,0,1
BRF:5
BRH:4
end_of_record
TN:
SF:src/services/tickets-service/index.ts
FN:5,getAllTypesOfTickets
FN:13,getUserTickets
FN:21,createTicket
FNF:3
FNH:3
FNDA:2,getAllTypesOfTickets
FNDA:5,getUserTickets
FNDA:4,createTicket
DA:1,10
DA:2,10
DA:3,10
DA:5,10
DA:6,2
DA:7,2
DA:8,1
DA:10,1
DA:13,10
DA:14,5
DA:15,5
DA:17,4
DA:18,4
DA:21,10
DA:22,4
DA:23,3
DA:24,3
DA:25,2
LF:18
LH:18
BRDA:7,0,0,1
BRDA:15,1,0,1
BRDA:22,2,0,1
BRDA:24,3,0,1
BRF:4
BRH:4
end_of_record
TN:
SF:src/services/users-service/errors.ts
FN:3,duplicatedEmailError
FNF:1
FNH:1
FNDA:4,duplicatedEmailError
DA:3,10
DA:4,4
LF:2
LH:2
BRF:0
BRH:0
end_of_record
TN:
SF:src/services/users-service/index.ts
FN:8,createUser
FN:20,validateUniqueEmailOrFail
FN:27,canEnrollOrFail
FNF:3
FNH:3
FNDA:9,createUser
FNDA:7,validateUniqueEmailOrFail
FNDA:9,canEnrollOrFail
DA:2,10
DA:3,10
DA:4,10
DA:5,10
DA:6,10
DA:8,10
DA:9,9
DA:11,7
DA:13,5
DA:14,5
DA:21,7
DA:22,7
DA:23,2
DA:28,9
DA:29,9
DA:30,2
DA:36,10
DA:40,10
DA:41,10
LF:19
LH:19
BRDA:22,0,0,2
BRDA:29,1,0,2
BRF:2
BRH:2
end_of_record
TN:
SF:src/utils/prisma-utils.ts
FN:1,exclude
FNF:1
FNH:1
FNDA:10,exclude
DA:1,10
DA:2,10
DA:3,10
DA:4,16
DA:6,10
LF:5
LH:5
BRF:0
BRH:0
end_of_record
TN:
SF:src/utils/request.ts
FN:4,get
FNF:1
FNH:1
FNDA:4,get
DA:1,10
DA:2,10
DA:5,4
DA:6,4
DA:7,0
DA:9,3
DA:11,0
DA:15,10
LF:8
LH:6
BRF:0
BRH:0
end_of_record
